  [4;36;1mSQL (0.026670)[0m   [0;1mselect sqlite_version(*)[0m
  [4;35;1mSQL (0.002955)[0m   [0mCREATE TABLE schema_info (version integer)[0m
  [4;36;1mSQL (0.100568)[0m   [0;1mINSERT INTO schema_info (version) VALUES(0)[0m
  [4;35;1mSQL (0.000326)[0m   [0mSELECT * FROM schema_info[0m
  [4;36;1mSQL (0.000259)[0m   [0;1m SELECT name
 FROM sqlite_master
 WHERE type = 'table' AND NOT name = 'sqlite_sequence'
[0m
  [4;35;1mSQL (0.000207)[0m   [0mselect sqlite_version(*)[0m
  [4;36;1mSQL (0.002828)[0m   [0;1mCREATE TABLE schema_info (version integer)[0m
  [4;35;1mSQL (0.002444)[0m   [0mINSERT INTO schema_info (version) VALUES(0)[0m
  [4;36;1mSQL (0.002004)[0m   [0;1mUPDATE schema_info SET version = 0[0m
  [4;36;1mSQL (0.000649)[0m   [0;1mselect sqlite_version(*)[0m
  [4;35;1mSQL (0.000000)[0m   [0mSQLite3::SQLException: table schema_info already exists: CREATE TABLE schema_info (version integer)[0m
  [4;36;1mSQL (0.000000)[0m   [0;1mSQLite3::SQLException: table schema_info already exists: CREATE TABLE schema_info (version integer)[0m
  [4;35;1mSQL (0.000313)[0m   [0mSELECT version FROM schema_info[0m
Migrating to CreateContexts (1)
  [4;36;1mSQL (0.002781)[0m   [0;1mCREATE TABLE contexts ("id" INTEGER PRIMARY KEY AUTOINCREMENT NOT NULL, "name" varchar(255) DEFAULT NULL, "created_at" datetime DEFAULT NULL, "updated_at" datetime DEFAULT NULL) [0m
  [4;35;1mSQL (0.002219)[0m   [0mUPDATE schema_info SET version = 1[0m
  [4;36;1mSQL (0.000391)[0m   [0;1mSELECT version FROM schema_info[0m
Migrating to CreateTasks (2)
  [4;35;1mSQL (0.003196)[0m   [0mCREATE TABLE tasks ("id" INTEGER PRIMARY KEY AUTOINCREMENT NOT NULL, "title" varchar(255) DEFAULT NULL, "description" text DEFAULT NULL, "created_at" datetime DEFAULT NULL, "updated_at" datetime DEFAULT NULL) [0m
  [4;36;1mSQL (0.002085)[0m   [0;1mUPDATE schema_info SET version = 2[0m
  [4;35;1mSQL (0.000347)[0m   [0mSELECT * FROM schema_info[0m
  [4;36;1mSQL (0.000377)[0m   [0;1m SELECT name
 FROM sqlite_master
 WHERE type = 'table' AND NOT name = 'sqlite_sequence'
[0m
  [4;35;1mSQL (0.000122)[0m   [0mPRAGMA index_list(contexts)[0m
  [4;36;1mSQL (0.000120)[0m   [0;1mPRAGMA index_list(tasks)[0m
  [4;36;1mSQL (0.000509)[0m   [0;1mselect sqlite_version(*)[0m
  [4;35;1mSQL (0.000000)[0m   [0mSQLite3::SQLException: table schema_info already exists: CREATE TABLE schema_info (version integer)[0m
  [4;36;1mSQL (0.000238)[0m   [0;1mSELECT version FROM schema_info[0m
  [4;35;1mSQL (0.000181)[0m   [0mSELECT version FROM schema_info[0m
  [4;36;1mSQL (0.000266)[0m   [0;1mSELECT * FROM schema_info[0m
  [4;35;1mSQL (0.000319)[0m   [0m SELECT name
 FROM sqlite_master
 WHERE type = 'table' AND NOT name = 'sqlite_sequence'
[0m
  [4;36;1mSQL (0.000074)[0m   [0;1mPRAGMA index_list(contexts)[0m
  [4;35;1mSQL (0.000062)[0m   [0mPRAGMA index_list(tasks)[0m
  [4;36;1mSQL (0.000177)[0m   [0;1mselect sqlite_version(*)[0m
  [4;35;1mSQL (0.000000)[0m   [0mSQLite3::SQLException: no such table: contexts: DROP TABLE contexts[0m
  [4;36;1mSQL (0.002428)[0m   [0;1mCREATE TABLE contexts ("id" INTEGER PRIMARY KEY AUTOINCREMENT NOT NULL, "name" varchar(255) DEFAULT NULL, "created_at" datetime DEFAULT NULL, "updated_at" datetime DEFAULT NULL) [0m
  [4;35;1mSQL (0.000000)[0m   [0mSQLite3::SQLException: no such table: tasks: DROP TABLE tasks[0m
  [4;36;1mSQL (0.002350)[0m   [0;1mCREATE TABLE tasks ("id" INTEGER PRIMARY KEY AUTOINCREMENT NOT NULL, "title" varchar(255) DEFAULT NULL, "description" text DEFAULT NULL, "created_at" datetime DEFAULT NULL, "updated_at" datetime DEFAULT NULL) [0m
  [4;35;1mSQL (0.002783)[0m   [0mCREATE TABLE schema_info (version integer)[0m
  [4;36;1mSQL (0.002470)[0m   [0;1mINSERT INTO schema_info (version) VALUES(0)[0m
  [4;35;1mSQL (0.002244)[0m   [0mUPDATE schema_info SET version = 2[0m
  [4;36;1mSQL (0.000516)[0m   [0;1mselect sqlite_version(*)[0m
  [4;35;1mSQL (0.003417)[0m   [0mCREATE TABLE schema_info (version integer)[0m
  [4;36;1mSQL (0.002744)[0m   [0;1mINSERT INTO schema_info (version) VALUES(0)[0m
  [4;35;1mSQL (0.000000)[0m   [0mSQLite3::SQLException: table schema_info already exists: CREATE TABLE schema_info (version integer)[0m
  [4;36;1mSQL (0.000325)[0m   [0;1mSELECT version FROM schema_info[0m
Migrating to CreateContexts (1)
  [4;35;1mSQL (0.002441)[0m   [0mCREATE TABLE contexts ("id" INTEGER PRIMARY KEY AUTOINCREMENT NOT NULL, "name" varchar(255) DEFAULT NULL, "created_at" datetime DEFAULT NULL, "updated_at" datetime DEFAULT NULL) [0m
  [4;36;1mSQL (0.001897)[0m   [0;1mUPDATE schema_info SET version = 1[0m
  [4;35;1mSQL (0.000541)[0m   [0mSELECT version FROM schema_info[0m
Migrating to CreateTasks (2)
  [4;36;1mSQL (0.002511)[0m   [0;1mCREATE TABLE tasks ("id" INTEGER PRIMARY KEY AUTOINCREMENT NOT NULL, "title" varchar(255) DEFAULT NULL, "description" text DEFAULT NULL, "context_id" integer DEFAULT NULL, "created_at" datetime DEFAULT NULL, "updated_at" datetime DEFAULT NULL) [0m
  [4;35;1mSQL (0.002097)[0m   [0mUPDATE schema_info SET version = 2[0m
  [4;36;1mSQL (0.000398)[0m   [0;1mSELECT * FROM schema_info[0m
  [4;35;1mSQL (0.000384)[0m   [0m SELECT name
 FROM sqlite_master
 WHERE type = 'table' AND NOT name = 'sqlite_sequence'
[0m
  [4;36;1mSQL (0.000091)[0m   [0;1mPRAGMA index_list(contexts)[0m
  [4;35;1mSQL (0.000078)[0m   [0mPRAGMA index_list(tasks)[0m
  [4;36;1mSQL (0.000701)[0m   [0;1mSELECT version FROM schema_info[0m
  [4;36;1mSQL (0.000742)[0m   [0;1mSELECT version FROM schema_info[0m
  [4;36;1mSQL (0.000691)[0m   [0;1mSELECT version FROM schema_info[0m
/!\ FAILSAFE /!\  Mon Mar 03 20:28:47 -0700 2008
  Status: 500 Internal Server Error
  No route matches "/rubyamf_gateway/" with {:method=>:post}
    /opt/local/lib/ruby/gems/1.8/gems/actionpack-2.0.2/lib/action_controller/routing.rb:1441:in `recognize_path'
    /opt/local/lib/ruby/gems/1.8/gems/actionpack-2.0.2/lib/action_controller/routing.rb:1424:in `recognize'
    /opt/local/lib/ruby/gems/1.8/gems/actionpack-2.0.2/lib/action_controller/dispatcher.rb:170:in `handle_request'
    /opt/local/lib/ruby/gems/1.8/gems/actionpack-2.0.2/lib/action_controller/dispatcher.rb:115:in `dispatch'
    /opt/local/lib/ruby/gems/1.8/gems/actionpack-2.0.2/lib/action_controller/dispatcher.rb:126:in `dispatch_cgi'
    /opt/local/lib/ruby/gems/1.8/gems/actionpack-2.0.2/lib/action_controller/dispatcher.rb:9:in `dispatch'
    /opt/local/lib/ruby/gems/1.8/gems/mongrel-1.1.3/bin/../lib/mongrel/rails.rb:76:in `process'
    /opt/local/lib/ruby/gems/1.8/gems/mongrel-1.1.3/bin/../lib/mongrel/rails.rb:74:in `synchronize'
    /opt/local/lib/ruby/gems/1.8/gems/mongrel-1.1.3/bin/../lib/mongrel/rails.rb:74:in `process'
    /opt/local/lib/ruby/gems/1.8/gems/mongrel-1.1.3/lib/mongrel.rb:159:in `process_client'
    /opt/local/lib/ruby/gems/1.8/gems/mongrel-1.1.3/lib/mongrel.rb:158:in `each'
    /opt/local/lib/ruby/gems/1.8/gems/mongrel-1.1.3/lib/mongrel.rb:158:in `process_client'
    /opt/local/lib/ruby/gems/1.8/gems/mongrel-1.1.3/lib/mongrel.rb:285:in `run'
    /opt/local/lib/ruby/gems/1.8/gems/mongrel-1.1.3/lib/mongrel.rb:285:in `initialize'
    /opt/local/lib/ruby/gems/1.8/gems/mongrel-1.1.3/lib/mongrel.rb:285:in `new'
    /opt/local/lib/ruby/gems/1.8/gems/mongrel-1.1.3/lib/mongrel.rb:285:in `run'
    /opt/local/lib/ruby/gems/1.8/gems/mongrel-1.1.3/lib/mongrel.rb:268:in `initialize'
    /opt/local/lib/ruby/gems/1.8/gems/mongrel-1.1.3/lib/mongrel.rb:268:in `new'
    /opt/local/lib/ruby/gems/1.8/gems/mongrel-1.1.3/lib/mongrel.rb:268:in `run'
    /opt/local/lib/ruby/gems/1.8/gems/mongrel-1.1.3/lib/mongrel/configurator.rb:282:in `run'
    /opt/local/lib/ruby/gems/1.8/gems/mongrel-1.1.3/lib/mongrel/configurator.rb:281:in `each'
    /opt/local/lib/ruby/gems/1.8/gems/mongrel-1.1.3/lib/mongrel/configurator.rb:281:in `run'
    /opt/local/lib/ruby/gems/1.8/gems/mongrel-1.1.3/bin/mongrel_rails:128:in `run'
    /opt/local/lib/ruby/gems/1.8/gems/mongrel-1.1.3/lib/mongrel/command.rb:212:in `run'
    /opt/local/lib/ruby/gems/1.8/gems/mongrel-1.1.3/bin/mongrel_rails:281
    /opt/local/lib/ruby/gems/1.8/gems/activesupport-2.0.2/lib/active_support/dependencies.rb:489:in `load'
    /opt/local/lib/ruby/gems/1.8/gems/activesupport-2.0.2/lib/active_support/dependencies.rb:489:in `load'
    /opt/local/lib/ruby/gems/1.8/gems/activesupport-2.0.2/lib/active_support/dependencies.rb:342:in `new_constants_in'
    /opt/local/lib/ruby/gems/1.8/gems/activesupport-2.0.2/lib/active_support/dependencies.rb:489:in `load'
    /opt/local/lib/ruby/gems/1.8/gems/rails-2.0.2/lib/commands/servers/mongrel.rb:64
    /opt/local/lib/ruby/site_ruby/1.8/rubygems/custom_require.rb:27:in `gem_original_require'
    /opt/local/lib/ruby/site_ruby/1.8/rubygems/custom_require.rb:27:in `require'
    /opt/local/lib/ruby/gems/1.8/gems/activesupport-2.0.2/lib/active_support/dependencies.rb:496:in `require'
    /opt/local/lib/ruby/gems/1.8/gems/activesupport-2.0.2/lib/active_support/dependencies.rb:342:in `new_constants_in'
    /opt/local/lib/ruby/gems/1.8/gems/activesupport-2.0.2/lib/active_support/dependencies.rb:496:in `require'
    /opt/local/lib/ruby/gems/1.8/gems/rails-2.0.2/lib/commands/server.rb:39
    /opt/local/lib/ruby/site_ruby/1.8/rubygems/custom_require.rb:27:in `gem_original_require'
    /opt/local/lib/ruby/site_ruby/1.8/rubygems/custom_require.rb:27:in `require'
    ./script/server:3
  [4;36;1mSQL (0.000368)[0m   [0;1mselect sqlite_version(*)[0m
  [4;35;1mSQL (0.003857)[0m   [0mCREATE TABLE schema_info (version integer)[0m
  [4;36;1mSQL (0.003062)[0m   [0;1mINSERT INTO schema_info (version) VALUES(0)[0m
  [4;35;1mSQL (0.000000)[0m   [0mSQLite3::SQLException: table schema_info already exists: CREATE TABLE schema_info (version integer)[0m
  [4;36;1mSQL (0.000443)[0m   [0;1mSELECT version FROM schema_info[0m
Migrating to CreateContexts (1)
  [4;35;1mSQL (0.001826)[0m   [0mCREATE TABLE contexts ("id" INTEGER PRIMARY KEY AUTOINCREMENT NOT NULL, "label" varchar(255) DEFAULT NULL, "created_at" datetime DEFAULT NULL, "updated_at" datetime DEFAULT NULL) [0m
  [4;36;1mSQL (0.001529)[0m   [0;1mUPDATE schema_info SET version = 1[0m
  [4;35;1mSQL (0.000314)[0m   [0mSELECT version FROM schema_info[0m
Migrating to CreateTasks (2)
  [4;36;1mSQL (0.002317)[0m   [0;1mCREATE TABLE tasks ("id" INTEGER PRIMARY KEY AUTOINCREMENT NOT NULL, "label" varchar(255) DEFAULT NULL, "context_id" integer DEFAULT NULL, "completed_at" datetime DEFAULT NULL, "created_at" datetime DEFAULT NULL, "updated_at" datetime DEFAULT NULL) [0m
  [4;35;1mSQL (0.003336)[0m   [0mUPDATE schema_info SET version = 2[0m
  [4;36;1mSQL (0.000391)[0m   [0;1mSELECT * FROM schema_info[0m
  [4;35;1mSQL (0.000489)[0m   [0m SELECT name
 FROM sqlite_master
 WHERE type = 'table' AND NOT name = 'sqlite_sequence'
[0m
  [4;36;1mSQL (0.000124)[0m   [0;1mPRAGMA index_list(contexts)[0m
  [4;35;1mSQL (0.000095)[0m   [0mPRAGMA index_list(tasks)[0m


Processing RubyamfController#gateway (for 127.0.0.1 at 2008-03-03 21:16:18) [POST]
  Session ID: 1de5ac5a1b8ee57d3b2edbbffcfea1fe
  Parameters: {"action"=>"gateway", "controller"=>"rubyamf"}
Sending data 
Completed in 0.00314 (318 reqs/sec) | Rendering: 0.00004 (1%) | DB: 0.00000 (0%) | 200 OK [http://localhost/rubyamf_gateway/]


Processing RubyamfController#gateway (for 127.0.0.1 at 2008-03-03 21:16:18) [POST]
  Session ID: BAh7BiIKZmxhc2hJQzonQWN0aW9uQ29udHJvbGxlcjo6Rmxhc2g6OkZsYXNo%0ASGFzaHsABjoKQHVzZWR7AA%3D%3D--64283786789f40b8fbc86d665ed70dae4895f221
  Parameters: {"action"=>"gateway", "controller"=>"rubyamf"}


Processing ContextsController#load_all (for 127.0.0.1 at 2008-03-03 21:16:18) [POST]
  Session ID: BAh7BiIKZmxhc2hJQzonQWN0aW9uQ29udHJvbGxlcjo6Rmxhc2g6OkZsYXNo%0ASGFzaHsABjoKQHVzZWR7AA%3D%3D--64283786789f40b8fbc86d665ed70dae4895f221
  Parameters: {"action"=>"load_all", "controller"=>"contexts"}
  [4;36;1mContext Load (0.001054)[0m   [0;1mSELECT * FROM contexts [0m
Completed in 0.00819 (122 reqs/sec) | DB: 0.00000 (0%) |  [http://localhostcontexts/load_all]
  [4;35;1mTask Load (0.000594)[0m   [0mSELECT * FROM tasks WHERE (tasks.context_id = 1) [0m
  [4;36;1mContext Load (0.000302)[0m   [0;1mSELECT * FROM contexts WHERE (contexts."id" = 1) [0m
  [4;35;1mTask Load (0.000280)[0m   [0mSELECT * FROM tasks WHERE (tasks.context_id = 2) [0m
  [4;36;1mContext Load (0.000263)[0m   [0;1mSELECT * FROM contexts WHERE (contexts."id" = 2) [0m
Sending data 
Completed in 0.02619 (38 reqs/sec) | Rendering: 0.00005 (0%) | DB: 0.00144 (5%) | 200 OK [http://localhostcontexts/load_all]


Processing RubyamfController#gateway (for 127.0.0.1 at 2008-03-03 21:17:46) [POST]
  Session ID: BAh7BiIKZmxhc2hJQzonQWN0aW9uQ29udHJvbGxlcjo6Rmxhc2g6OkZsYXNo%0ASGFzaHsABjoKQHVzZWR7AA%3D%3D--64283786789f40b8fbc86d665ed70dae4895f221
  Parameters: {"action"=>"gateway", "controller"=>"rubyamf"}
Sending data 
Completed in 0.00337 (296 reqs/sec) | Rendering: 0.00005 (1%) | DB: 0.00000 (0%) | 200 OK [http://localhost/rubyamf_gateway/]


Processing RubyamfController#gateway (for 127.0.0.1 at 2008-03-03 21:17:46) [POST]
  Session ID: BAh7BiIKZmxhc2hJQzonQWN0aW9uQ29udHJvbGxlcjo6Rmxhc2g6OkZsYXNo%0ASGFzaHsABjoKQHVzZWR7AA%3D%3D--64283786789f40b8fbc86d665ed70dae4895f221
  Parameters: {"action"=>"gateway", "controller"=>"rubyamf"}


Processing ContextsController#load_all (for 127.0.0.1 at 2008-03-03 21:17:46) [POST]
  Session ID: BAh7BiIKZmxhc2hJQzonQWN0aW9uQ29udHJvbGxlcjo6Rmxhc2g6OkZsYXNo%0ASGFzaHsABjoKQHVzZWR7AA%3D%3D--64283786789f40b8fbc86d665ed70dae4895f221
  Parameters: {"action"=>"load_all", "controller"=>"contexts"}
  [4;36;1mContext Load (0.000737)[0m   [0;1mSELECT * FROM contexts [0m
Completed in 0.00706 (141 reqs/sec) | DB: 0.00000 (0%) |  [http://localhostcontexts/load_all]
Sending data 
Completed in 0.01597 (62 reqs/sec) | Rendering: 0.00004 (0%) | DB: 0.00000 (0%) | 200 OK [http://localhostcontexts/load_all]


Processing RubyamfController#gateway (for 127.0.0.1 at 2008-03-03 21:17:53) [POST]
  Session ID: BAh7BiIKZmxhc2hJQzonQWN0aW9uQ29udHJvbGxlcjo6Rmxhc2g6OkZsYXNo%0ASGFzaHsABjoKQHVzZWR7AA%3D%3D--64283786789f40b8fbc86d665ed70dae4895f221
  Parameters: {"action"=>"gateway", "controller"=>"rubyamf"}


Processing ContextsController#save (for 127.0.0.1 at 2008-03-03 21:17:53) [POST]
  Session ID: BAh7BiIKZmxhc2hJQzonQWN0aW9uQ29udHJvbGxlcjo6Rmxhc2g6OkZsYXNo%0ASGFzaHsABjoKQHVzZWR7AA%3D%3D--64283786789f40b8fbc86d665ed70dae4895f221
  Parameters: {0=>{"context"=>#<Context id: nil, label: "Play", created_at: nil, updated_at: nil>}, "action"=>"save", "controller"=>"contexts", "context"=>#<Context id: nil, label: "Play", created_at: nil, updated_at: nil>}


ActiveRecord::MissingAttributeError (missing attribute: created_at):
    /opt/local/lib/ruby/gems/1.8/gems/activerecord-2.0.2/lib/active_record/timestamp.rb:23:in `create'
    /opt/local/lib/ruby/gems/1.8/gems/activerecord-2.0.2/lib/active_record/base.rb:2238:in `create_or_update_without_callbacks'
    /opt/local/lib/ruby/gems/1.8/gems/activerecord-2.0.2/lib/active_record/callbacks.rb:213:in `create_or_update'
    /opt/local/lib/ruby/gems/1.8/gems/activerecord-2.0.2/lib/active_record/base.rb:1972:in `save_without_validation'
    /opt/local/lib/ruby/gems/1.8/gems/activerecord-2.0.2/lib/active_record/validations.rb:934:in `save_without_transactions'
    /opt/local/lib/ruby/gems/1.8/gems/activerecord-2.0.2/lib/active_record/transactions.rb:108:in `save'
    /opt/local/lib/ruby/gems/1.8/gems/activerecord-2.0.2/lib/active_record/connection_adapters/abstract/database_statements.rb:66:in `transaction'
    /opt/local/lib/ruby/gems/1.8/gems/activerecord-2.0.2/lib/active_record/transactions.rb:80:in `transaction'
    /opt/local/lib/ruby/gems/1.8/gems/activerecord-2.0.2/lib/active_record/transactions.rb:100:in `transaction'
    /opt/local/lib/ruby/gems/1.8/gems/activerecord-2.0.2/lib/active_record/transactions.rb:108:in `save'
    /opt/local/lib/ruby/gems/1.8/gems/activerecord-2.0.2/lib/active_record/transactions.rb:120:in `rollback_active_record_state!'
    /opt/local/lib/ruby/gems/1.8/gems/activerecord-2.0.2/lib/active_record/transactions.rb:108:in `save'
    /app/controllers/contexts_controller.rb:14:in `save'
    /opt/local/lib/ruby/gems/1.8/gems/actionpack-2.0.2/lib/action_controller/mime_responds.rb:131:in `call'
    /opt/local/lib/ruby/gems/1.8/gems/actionpack-2.0.2/lib/action_controller/mime_responds.rb:131:in `custom'
    /opt/local/lib/ruby/gems/1.8/gems/actionpack-2.0.2/lib/action_controller/mime_responds.rb:156:in `call'
    /opt/local/lib/ruby/gems/1.8/gems/actionpack-2.0.2/lib/action_controller/mime_responds.rb:156:in `respond'
    /opt/local/lib/ruby/gems/1.8/gems/actionpack-2.0.2/lib/action_controller/mime_responds.rb:150:in `each'
    /opt/local/lib/ruby/gems/1.8/gems/actionpack-2.0.2/lib/action_controller/mime_responds.rb:150:in `respond'
    /opt/local/lib/ruby/gems/1.8/gems/actionpack-2.0.2/lib/action_controller/mime_responds.rb:107:in `respond_to'
    /app/controllers/contexts_controller.rb:12:in `save'
    /opt/local/lib/ruby/gems/1.8/gems/actionpack-2.0.2/lib/action_controller/base.rb:1158:in `send'
    /opt/local/lib/ruby/gems/1.8/gems/actionpack-2.0.2/lib/action_controller/base.rb:1158:in `perform_action_without_filters'
    /opt/local/lib/ruby/gems/1.8/gems/actionpack-2.0.2/lib/action_controller/filters.rb:697:in `call_filters'
    /opt/local/lib/ruby/gems/1.8/gems/actionpack-2.0.2/lib/action_controller/filters.rb:689:in `perform_action_without_benchmark'
    /opt/local/lib/ruby/gems/1.8/gems/actionpack-2.0.2/lib/action_controller/benchmarking.rb:68:in `perform_action_without_rescue'
    /opt/local/lib/ruby/1.8/benchmark.rb:293:in `measure'
    /opt/local/lib/ruby/gems/1.8/gems/actionpack-2.0.2/lib/action_controller/benchmarking.rb:68:in `perform_action_without_rescue'
    /opt/local/lib/ruby/gems/1.8/gems/actionpack-2.0.2/lib/action_controller/rescue.rb:199:in `perform_action_without_caching'
    /opt/local/lib/ruby/gems/1.8/gems/actionpack-2.0.2/lib/action_controller/caching.rb:678:in `perform_action'
    /opt/local/lib/ruby/gems/1.8/gems/activerecord-2.0.2/lib/active_record/connection_adapters/abstract/query_cache.rb:33:in `cache'
    /opt/local/lib/ruby/gems/1.8/gems/activerecord-2.0.2/lib/active_record/query_cache.rb:8:in `cache'
    /opt/local/lib/ruby/gems/1.8/gems/actionpack-2.0.2/lib/action_controller/caching.rb:677:in `perform_action'
    /opt/local/lib/ruby/gems/1.8/gems/actionpack-2.0.2/lib/action_controller/base.rb:524:in `send'
    /opt/local/lib/ruby/gems/1.8/gems/actionpack-2.0.2/lib/action_controller/base.rb:524:in `process_without_filters'
    /opt/local/lib/ruby/gems/1.8/gems/actionpack-2.0.2/lib/action_controller/filters.rb:685:in `process_without_session_management_support'
    /opt/local/lib/ruby/gems/1.8/gems/actionpack-2.0.2/lib/action_controller/session_management.rb:123:in `process'
    /vendor/plugins/rubyamf/app/actions.rb:139:in `invoke'
    /vendor/plugins/rubyamf/app/actions.rb:86:in `run'
    /vendor/plugins/rubyamf/app/filters.rb:53:in `run'
    /vendor/plugins/rubyamf/app/filters.rb:51:in `each'
    /vendor/plugins/rubyamf/app/filters.rb:51:in `run'
    /vendor/plugins/rubyamf/app/filters.rb:49:in `upto'
    /vendor/plugins/rubyamf/app/filters.rb:49:in `run'
    /vendor/plugins/rubyamf/app/filters.rb:11:in `run'
    /vendor/plugins/rubyamf/app/filters.rb:10:in `each'
    /vendor/plugins/rubyamf/app/filters.rb:10:in `run'
    /vendor/plugins/rubyamf/app/rails_gateway.rb:28:in `service'
    /app/controllers/rubyamf_controller.rb:16:in `gateway'
    /opt/local/lib/ruby/gems/1.8/gems/actionpack-2.0.2/lib/action_controller/base.rb:1158:in `send'
    /opt/local/lib/ruby/gems/1.8/gems/actionpack-2.0.2/lib/action_controller/base.rb:1158:in `perform_action_without_filters'
    /opt/local/lib/ruby/gems/1.8/gems/actionpack-2.0.2/lib/action_controller/filters.rb:697:in `call_filters'
    /opt/local/lib/ruby/gems/1.8/gems/actionpack-2.0.2/lib/action_controller/filters.rb:689:in `perform_action_without_benchmark'
    /opt/local/lib/ruby/gems/1.8/gems/actionpack-2.0.2/lib/action_controller/benchmarking.rb:68:in `perform_action_without_rescue'
    /opt/local/lib/ruby/1.8/benchmark.rb:293:in `measure'
    /opt/local/lib/ruby/gems/1.8/gems/actionpack-2.0.2/lib/action_controller/benchmarking.rb:68:in `perform_action_without_rescue'
    /opt/local/lib/ruby/gems/1.8/gems/actionpack-2.0.2/lib/action_controller/rescue.rb:199:in `perform_action_without_caching'
    /opt/local/lib/ruby/gems/1.8/gems/actionpack-2.0.2/lib/action_controller/caching.rb:678:in `perform_action'
    /opt/local/lib/ruby/gems/1.8/gems/activerecord-2.0.2/lib/active_record/connection_adapters/abstract/query_cache.rb:33:in `cache'
    /opt/local/lib/ruby/gems/1.8/gems/activerecord-2.0.2/lib/active_record/query_cache.rb:8:in `cache'
    /opt/local/lib/ruby/gems/1.8/gems/actionpack-2.0.2/lib/action_controller/caching.rb:677:in `perform_action'
    /opt/local/lib/ruby/gems/1.8/gems/actionpack-2.0.2/lib/action_controller/base.rb:524:in `send'
    /opt/local/lib/ruby/gems/1.8/gems/actionpack-2.0.2/lib/action_controller/base.rb:524:in `process_without_filters'
    /opt/local/lib/ruby/gems/1.8/gems/actionpack-2.0.2/lib/action_controller/filters.rb:685:in `process_without_session_management_support'
    /opt/local/lib/ruby/gems/1.8/gems/actionpack-2.0.2/lib/action_controller/session_management.rb:123:in `process'
    /opt/local/lib/ruby/gems/1.8/gems/actionpack-2.0.2/lib/action_controller/base.rb:388:in `process'
    /opt/local/lib/ruby/gems/1.8/gems/actionpack-2.0.2/lib/action_controller/dispatcher.rb:171:in `handle_request'
    /opt/local/lib/ruby/gems/1.8/gems/actionpack-2.0.2/lib/action_controller/dispatcher.rb:115:in `dispatch'
    /opt/local/lib/ruby/gems/1.8/gems/actionpack-2.0.2/lib/action_controller/dispatcher.rb:126:in `dispatch_cgi'
    /opt/local/lib/ruby/gems/1.8/gems/actionpack-2.0.2/lib/action_controller/dispatcher.rb:9:in `dispatch'
    /opt/local/lib/ruby/gems/1.8/gems/mongrel-1.1.3/bin/../lib/mongrel/rails.rb:76:in `process'
    /opt/local/lib/ruby/gems/1.8/gems/mongrel-1.1.3/bin/../lib/mongrel/rails.rb:74:in `synchronize'
    /opt/local/lib/ruby/gems/1.8/gems/mongrel-1.1.3/bin/../lib/mongrel/rails.rb:74:in `process'
    /opt/local/lib/ruby/gems/1.8/gems/mongrel-1.1.3/lib/mongrel.rb:159:in `process_client'
    /opt/local/lib/ruby/gems/1.8/gems/mongrel-1.1.3/lib/mongrel.rb:158:in `each'
    /opt/local/lib/ruby/gems/1.8/gems/mongrel-1.1.3/lib/mongrel.rb:158:in `process_client'
    /opt/local/lib/ruby/gems/1.8/gems/mongrel-1.1.3/lib/mongrel.rb:285:in `run'
    /opt/local/lib/ruby/gems/1.8/gems/mongrel-1.1.3/lib/mongrel.rb:285:in `initialize'
    /opt/local/lib/ruby/gems/1.8/gems/mongrel-1.1.3/lib/mongrel.rb:285:in `new'
    /opt/local/lib/ruby/gems/1.8/gems/mongrel-1.1.3/lib/mongrel.rb:285:in `run'
    /opt/local/lib/ruby/gems/1.8/gems/mongrel-1.1.3/lib/mongrel.rb:268:in `initialize'
    /opt/local/lib/ruby/gems/1.8/gems/mongrel-1.1.3/lib/mongrel.rb:268:in `new'
    /opt/local/lib/ruby/gems/1.8/gems/mongrel-1.1.3/lib/mongrel.rb:268:in `run'
    /opt/local/lib/ruby/gems/1.8/gems/mongrel-1.1.3/lib/mongrel/configurator.rb:282:in `run'
    /opt/local/lib/ruby/gems/1.8/gems/mongrel-1.1.3/lib/mongrel/configurator.rb:281:in `each'
    /opt/local/lib/ruby/gems/1.8/gems/mongrel-1.1.3/lib/mongrel/configurator.rb:281:in `run'
    /opt/local/lib/ruby/gems/1.8/gems/mongrel-1.1.3/bin/mongrel_rails:128:in `run'
    /opt/local/lib/ruby/gems/1.8/gems/mongrel-1.1.3/lib/mongrel/command.rb:212:in `run'
    /opt/local/lib/ruby/gems/1.8/gems/mongrel-1.1.3/bin/mongrel_rails:281
    /opt/local/lib/ruby/gems/1.8/gems/activesupport-2.0.2/lib/active_support/dependencies.rb:489:in `load'
    /opt/local/lib/ruby/gems/1.8/gems/activesupport-2.0.2/lib/active_support/dependencies.rb:489:in `load'
    /opt/local/lib/ruby/gems/1.8/gems/activesupport-2.0.2/lib/active_support/dependencies.rb:342:in `new_constants_in'
    /opt/local/lib/ruby/gems/1.8/gems/activesupport-2.0.2/lib/active_support/dependencies.rb:489:in `load'
    /opt/local/lib/ruby/gems/1.8/gems/rails-2.0.2/lib/commands/servers/mongrel.rb:64
    /opt/local/lib/ruby/site_ruby/1.8/rubygems/custom_require.rb:27:in `gem_original_require'
    /opt/local/lib/ruby/site_ruby/1.8/rubygems/custom_require.rb:27:in `require'
    /opt/local/lib/ruby/gems/1.8/gems/activesupport-2.0.2/lib/active_support/dependencies.rb:496:in `require'
    /opt/local/lib/ruby/gems/1.8/gems/activesupport-2.0.2/lib/active_support/dependencies.rb:342:in `new_constants_in'
    /opt/local/lib/ruby/gems/1.8/gems/activesupport-2.0.2/lib/active_support/dependencies.rb:496:in `require'
    /opt/local/lib/ruby/gems/1.8/gems/rails-2.0.2/lib/commands/server.rb:39
    /opt/local/lib/ruby/site_ruby/1.8/rubygems/custom_require.rb:27:in `gem_original_require'
    /opt/local/lib/ruby/site_ruby/1.8/rubygems/custom_require.rb:27:in `require'
    ./script/server:3

Rendering /opt/local/lib/ruby/gems/1.8/gems/actionpack-2.0.2/lib/action_controller/templates/rescues/layout.erb (internal_server_error)
Completed in 0.24008 (4 reqs/sec) | DB: 0.00000 (0%) | 500 Internal Server Error [http://localhostcontexts/save]


Processing RubyamfController#gateway (for 127.0.0.1 at 2008-03-03 21:17:54) [POST]
  Session ID: BAh7BiIKZmxhc2hJQzonQWN0aW9uQ29udHJvbGxlcjo6Rmxhc2g6OkZsYXNo%0ASGFzaHsABjoKQHVzZWR7AA%3D%3D--64283786789f40b8fbc86d665ed70dae4895f221
  Parameters: {"action"=>"gateway", "controller"=>"rubyamf"}
Sending data 
Completed in 0.00545 (183 reqs/sec) | Rendering: 0.00004 (0%) | DB: 0.00000 (0%) | 200 OK [http://localhost/rubyamf_gateway/]


Processing RubyamfController#gateway (for 127.0.0.1 at 2008-03-03 21:21:12) [POST]
  Session ID: BAh7BiIKZmxhc2hJQzonQWN0aW9uQ29udHJvbGxlcjo6Rmxhc2g6OkZsYXNo%0ASGFzaHsABjoKQHVzZWR7AA%3D%3D--64283786789f40b8fbc86d665ed70dae4895f221
  Parameters: {"action"=>"gateway", "controller"=>"rubyamf"}
Sending data 
Completed in 0.00317 (315 reqs/sec) | Rendering: 0.00004 (1%) | DB: 0.00000 (0%) | 200 OK [http://localhost/rubyamf_gateway/]


Processing RubyamfController#gateway (for 127.0.0.1 at 2008-03-03 21:21:12) [POST]
  Session ID: BAh7BiIKZmxhc2hJQzonQWN0aW9uQ29udHJvbGxlcjo6Rmxhc2g6OkZsYXNo%0ASGFzaHsABjoKQHVzZWR7AA%3D%3D--64283786789f40b8fbc86d665ed70dae4895f221
  Parameters: {"action"=>"gateway", "controller"=>"rubyamf"}


Processing ContextsController#load_all (for 127.0.0.1 at 2008-03-03 21:21:12) [POST]
  Session ID: BAh7BiIKZmxhc2hJQzonQWN0aW9uQ29udHJvbGxlcjo6Rmxhc2g6OkZsYXNo%0ASGFzaHsABjoKQHVzZWR7AA%3D%3D--64283786789f40b8fbc86d665ed70dae4895f221
  Parameters: {"action"=>"load_all", "controller"=>"contexts"}
  [4;36;1mContext Load (0.000732)[0m   [0;1mSELECT * FROM contexts [0m
Completed in 0.00700 (142 reqs/sec) | DB: 0.00000 (0%) |  [http://localhostcontexts/load_all]
Sending data 
Completed in 0.01596 (62 reqs/sec) | Rendering: 0.00004 (0%) | DB: 0.00000 (0%) | 200 OK [http://localhostcontexts/load_all]


Processing RubyamfController#gateway (for 127.0.0.1 at 2008-03-03 21:21:20) [POST]
  Session ID: BAh7BiIKZmxhc2hJQzonQWN0aW9uQ29udHJvbGxlcjo6Rmxhc2g6OkZsYXNo%0ASGFzaHsABjoKQHVzZWR7AA%3D%3D--64283786789f40b8fbc86d665ed70dae4895f221
  Parameters: {"action"=>"gateway", "controller"=>"rubyamf"}


Processing ContextsController#save (for 127.0.0.1 at 2008-03-03 21:21:20) [POST]
  Session ID: BAh7BiIKZmxhc2hJQzonQWN0aW9uQ29udHJvbGxlcjo6Rmxhc2g6OkZsYXNo%0ASGFzaHsABjoKQHVzZWR7AA%3D%3D--64283786789f40b8fbc86d665ed70dae4895f221
  Parameters: {0=>{"context"=>#<Context id: nil, label: "Play", created_at: nil, updated_at: nil>}, "action"=>"save", "controller"=>"contexts", "context"=>#<Context id: nil, label: "Play", created_at: nil, updated_at: nil>}
  [4;35;1mContext Create (0.000959)[0m   [0mINSERT INTO contexts ("updated_at", "label", "created_at") VALUES('2008-03-03 21:21:20', 'Play', '2008-03-03 21:21:20')[0m
Completed in 0.00848 (117 reqs/sec) | DB: 0.00000 (0%) |  [http://localhostcontexts/save]
Sending data 
Completed in 0.02075 (48 reqs/sec) | Rendering: 0.00004 (0%) | DB: 0.00000 (0%) | 200 OK [http://localhostcontexts/save]


Processing RubyamfController#gateway (for 127.0.0.1 at 2008-03-03 21:21:32) [POST]
  Session ID: BAh7BiIKZmxhc2hJQzonQWN0aW9uQ29udHJvbGxlcjo6Rmxhc2g6OkZsYXNo%0ASGFzaHsABjoKQHVzZWR7AA%3D%3D--64283786789f40b8fbc86d665ed70dae4895f221
  Parameters: {"action"=>"gateway", "controller"=>"rubyamf"}


Processing ContextsController#destroy (for 127.0.0.1 at 2008-03-03 21:21:32) [POST]
  Session ID: BAh7BiIKZmxhc2hJQzonQWN0aW9uQ29udHJvbGxlcjo6Rmxhc2g6OkZsYXNo%0ASGFzaHsABjoKQHVzZWR7AA%3D%3D--64283786789f40b8fbc86d665ed70dae4895f221
  Parameters: {0=>{"id"=>3}, "action"=>"destroy", "id"=>3, "controller"=>"contexts"}
  [4;36;1mContext Load (0.000362)[0m   [0;1mSELECT * FROM contexts WHERE (contexts."id" = 3) [0m
  [4;35;1mContext Destroy (0.000420)[0m   [0m DELETE FROM contexts
 WHERE "id" = 3
[0m
Completed in 0.01144 (87 reqs/sec) | DB: 0.00000 (0%) |  [http://localhostcontexts/destroy]
Sending data 
Completed in 0.01894 (52 reqs/sec) | Rendering: 0.00005 (0%) | DB: 0.00000 (0%) | 200 OK [http://localhostcontexts/destroy]


Processing RubyamfController#gateway (for 127.0.0.1 at 2008-03-04 19:23:43) [POST]
  Session ID: BAh7CDoMdXNlcl9pZGkLIgpmbGFzaElDOidBY3Rpb25Db250cm9sbGVyOjpG%0AbGFzaDo6Rmxhc2hIYXNoewAGOgpAdXNlZHsAOg5yZXR1cm5fdG8w--a674468ec996697facd4bbf73c727005c0bc7536
  Parameters: {"action"=>"gateway", "controller"=>"rubyamf"}


Processing RubyamfController#gateway (for 127.0.0.1 at 2008-03-04 19:24:04) [POST]
  Session ID: BAh7BiIKZmxhc2hJQzonQWN0aW9uQ29udHJvbGxlcjo6Rmxhc2g6OkZsYXNo%0ASGFzaHsABjoKQHVzZWR7AA%3D%3D--64283786789f40b8fbc86d665ed70dae4895f221
  Parameters: {"action"=>"gateway", "controller"=>"rubyamf"}
Sending data 
Completed in 0.02042 (48 reqs/sec) | Rendering: 0.00008 (0%) | DB: 0.00000 (0%) | 200 OK [http://localhost/rubyamf_gateway/]


Processing RubyamfController#gateway (for 127.0.0.1 at 2008-03-04 19:24:05) [POST]
  Session ID: BAh7BiIKZmxhc2hJQzonQWN0aW9uQ29udHJvbGxlcjo6Rmxhc2g6OkZsYXNo%0ASGFzaHsABjoKQHVzZWR7AA%3D%3D--64283786789f40b8fbc86d665ed70dae4895f221
  Parameters: {"action"=>"gateway", "controller"=>"rubyamf"}


Processing ContextsController#load_all (for 127.0.0.1 at 2008-03-04 19:24:05) [POST]
  Session ID: BAh7BiIKZmxhc2hJQzonQWN0aW9uQ29udHJvbGxlcjo6Rmxhc2g6OkZsYXNo%0ASGFzaHsABjoKQHVzZWR7AA%3D%3D--64283786789f40b8fbc86d665ed70dae4895f221
  Parameters: {"action"=>"load_all", "controller"=>"contexts"}
  [4;36;1mContext Load (0.000771)[0m   [0;1mSELECT * FROM contexts [0m
Completed in 0.00949 (105 reqs/sec) | DB: 0.00000 (0%) |  [http://localhostcontexts/load_all]
Sending data 
Completed in 0.03001 (33 reqs/sec) | Rendering: 0.00005 (0%) | DB: 0.00000 (0%) | 200 OK [http://localhostcontexts/load_all]


Processing RubyamfController#gateway (for 127.0.0.1 at 2008-03-04 21:43:44) [POST]
  Session ID: BAh7BiIKZmxhc2hJQzonQWN0aW9uQ29udHJvbGxlcjo6Rmxhc2g6OkZsYXNo%0ASGFzaHsABjoKQHVzZWR7AA%3D%3D--64283786789f40b8fbc86d665ed70dae4895f221
  Parameters: {"action"=>"gateway", "controller"=>"rubyamf"}
Sending data 
Completed in 0.00315 (317 reqs/sec) | Rendering: 0.00005 (1%) | DB: 0.00000 (0%) | 200 OK [http://localhost/rubyamf_gateway/]


Processing RubyamfController#gateway (for 127.0.0.1 at 2008-03-04 21:43:44) [POST]
  Session ID: BAh7BiIKZmxhc2hJQzonQWN0aW9uQ29udHJvbGxlcjo6Rmxhc2g6OkZsYXNo%0ASGFzaHsABjoKQHVzZWR7AA%3D%3D--64283786789f40b8fbc86d665ed70dae4895f221
  Parameters: {"action"=>"gateway", "controller"=>"rubyamf"}


Processing ContextsController#load_all (for 127.0.0.1 at 2008-03-04 21:43:45) [POST]
  Session ID: BAh7BiIKZmxhc2hJQzonQWN0aW9uQ29udHJvbGxlcjo6Rmxhc2g6OkZsYXNo%0ASGFzaHsABjoKQHVzZWR7AA%3D%3D--64283786789f40b8fbc86d665ed70dae4895f221
  Parameters: {"action"=>"load_all", "controller"=>"contexts"}
  [4;35;1mContext Load (0.000779)[0m   [0mSELECT * FROM contexts [0m
Completed in 0.01007 (99 reqs/sec) | DB: 0.00000 (0%) |  [http://localhostcontexts/load_all]
Sending data 
Completed in 0.08608 (11 reqs/sec) | Rendering: 0.00004 (0%) | DB: 0.00000 (0%) | 200 OK [http://localhostcontexts/load_all]


Processing RubyamfController#gateway (for 127.0.0.1 at 2008-03-04 21:43:46) [POST]
  Session ID: BAh7BiIKZmxhc2hJQzonQWN0aW9uQ29udHJvbGxlcjo6Rmxhc2g6OkZsYXNo%0ASGFzaHsABjoKQHVzZWR7AA%3D%3D--64283786789f40b8fbc86d665ed70dae4895f221
  Parameters: {"action"=>"gateway", "controller"=>"rubyamf"}
Sending data 
Completed in 0.00320 (312 reqs/sec) | Rendering: 0.00004 (1%) | DB: 0.00000 (0%) | 200 OK [http://localhost/rubyamf_gateway/]


Processing RubyamfController#gateway (for 127.0.0.1 at 2008-03-04 21:43:46) [POST]
  Session ID: BAh7BiIKZmxhc2hJQzonQWN0aW9uQ29udHJvbGxlcjo6Rmxhc2g6OkZsYXNo%0ASGFzaHsABjoKQHVzZWR7AA%3D%3D--64283786789f40b8fbc86d665ed70dae4895f221
  Parameters: {"action"=>"gateway", "controller"=>"rubyamf"}


Processing TasksController#load_all (for 127.0.0.1 at 2008-03-04 21:43:46) [POST]
  Session ID: BAh7BiIKZmxhc2hJQzonQWN0aW9uQ29udHJvbGxlcjo6Rmxhc2g6OkZsYXNo%0ASGFzaHsABjoKQHVzZWR7AA%3D%3D--64283786789f40b8fbc86d665ed70dae4895f221
  Parameters: {"context_id"=>1, 0=>{"context_id"=>1}, "action"=>"load_all", "controller"=>"tasks"}
  [4;36;1mContext Load (0.000427)[0m   [0;1mSELECT * FROM contexts WHERE (contexts."id" = 1) [0m


NoMethodError (undefined method `find' for #<Context:0x18090d4>):
    /opt/local/lib/ruby/gems/1.8/gems/activerecord-2.0.2/lib/active_record/attribute_methods.rb:205:in `method_missing'
    /app/controllers/tasks_controller.rb:6:in `load_all'
    /opt/local/lib/ruby/gems/1.8/gems/actionpack-2.0.2/lib/action_controller/base.rb:1158:in `send'
    /opt/local/lib/ruby/gems/1.8/gems/actionpack-2.0.2/lib/action_controller/base.rb:1158:in `perform_action_without_filters'
    /opt/local/lib/ruby/gems/1.8/gems/actionpack-2.0.2/lib/action_controller/filters.rb:697:in `call_filters'
    /opt/local/lib/ruby/gems/1.8/gems/actionpack-2.0.2/lib/action_controller/filters.rb:689:in `perform_action_without_benchmark'
    /opt/local/lib/ruby/gems/1.8/gems/actionpack-2.0.2/lib/action_controller/benchmarking.rb:68:in `perform_action_without_rescue'
    /opt/local/lib/ruby/1.8/benchmark.rb:293:in `measure'
    /opt/local/lib/ruby/gems/1.8/gems/actionpack-2.0.2/lib/action_controller/benchmarking.rb:68:in `perform_action_without_rescue'
    /opt/local/lib/ruby/gems/1.8/gems/actionpack-2.0.2/lib/action_controller/rescue.rb:199:in `perform_action_without_caching'
    /opt/local/lib/ruby/gems/1.8/gems/actionpack-2.0.2/lib/action_controller/caching.rb:678:in `perform_action'
    /opt/local/lib/ruby/gems/1.8/gems/activerecord-2.0.2/lib/active_record/connection_adapters/abstract/query_cache.rb:33:in `cache'
    /opt/local/lib/ruby/gems/1.8/gems/activerecord-2.0.2/lib/active_record/query_cache.rb:8:in `cache'
    /opt/local/lib/ruby/gems/1.8/gems/actionpack-2.0.2/lib/action_controller/caching.rb:677:in `perform_action'
    /opt/local/lib/ruby/gems/1.8/gems/actionpack-2.0.2/lib/action_controller/base.rb:524:in `send'
    /opt/local/lib/ruby/gems/1.8/gems/actionpack-2.0.2/lib/action_controller/base.rb:524:in `process_without_filters'
    /opt/local/lib/ruby/gems/1.8/gems/actionpack-2.0.2/lib/action_controller/filters.rb:685:in `process_without_session_management_support'
    /opt/local/lib/ruby/gems/1.8/gems/actionpack-2.0.2/lib/action_controller/session_management.rb:123:in `process'
    /vendor/plugins/rubyamf/app/actions.rb:139:in `invoke'
    /vendor/plugins/rubyamf/app/actions.rb:86:in `run'
    /vendor/plugins/rubyamf/app/filters.rb:53:in `run'
    /vendor/plugins/rubyamf/app/filters.rb:51:in `each'
    /vendor/plugins/rubyamf/app/filters.rb:51:in `run'
    /vendor/plugins/rubyamf/app/filters.rb:49:in `upto'
    /vendor/plugins/rubyamf/app/filters.rb:49:in `run'
    /vendor/plugins/rubyamf/app/filters.rb:11:in `run'
    /vendor/plugins/rubyamf/app/filters.rb:10:in `each'
    /vendor/plugins/rubyamf/app/filters.rb:10:in `run'
    /vendor/plugins/rubyamf/app/rails_gateway.rb:28:in `service'
    /app/controllers/rubyamf_controller.rb:16:in `gateway'
    /opt/local/lib/ruby/gems/1.8/gems/actionpack-2.0.2/lib/action_controller/base.rb:1158:in `send'
    /opt/local/lib/ruby/gems/1.8/gems/actionpack-2.0.2/lib/action_controller/base.rb:1158:in `perform_action_without_filters'
    /opt/local/lib/ruby/gems/1.8/gems/actionpack-2.0.2/lib/action_controller/filters.rb:697:in `call_filters'
    /opt/local/lib/ruby/gems/1.8/gems/actionpack-2.0.2/lib/action_controller/filters.rb:689:in `perform_action_without_benchmark'
    /opt/local/lib/ruby/gems/1.8/gems/actionpack-2.0.2/lib/action_controller/benchmarking.rb:68:in `perform_action_without_rescue'
    /opt/local/lib/ruby/1.8/benchmark.rb:293:in `measure'
    /opt/local/lib/ruby/gems/1.8/gems/actionpack-2.0.2/lib/action_controller/benchmarking.rb:68:in `perform_action_without_rescue'
    /opt/local/lib/ruby/gems/1.8/gems/actionpack-2.0.2/lib/action_controller/rescue.rb:199:in `perform_action_without_caching'
    /opt/local/lib/ruby/gems/1.8/gems/actionpack-2.0.2/lib/action_controller/caching.rb:678:in `perform_action'
    /opt/local/lib/ruby/gems/1.8/gems/activerecord-2.0.2/lib/active_record/connection_adapters/abstract/query_cache.rb:33:in `cache'
    /opt/local/lib/ruby/gems/1.8/gems/activerecord-2.0.2/lib/active_record/query_cache.rb:8:in `cache'
    /opt/local/lib/ruby/gems/1.8/gems/actionpack-2.0.2/lib/action_controller/caching.rb:677:in `perform_action'
    /opt/local/lib/ruby/gems/1.8/gems/actionpack-2.0.2/lib/action_controller/base.rb:524:in `send'
    /opt/local/lib/ruby/gems/1.8/gems/actionpack-2.0.2/lib/action_controller/base.rb:524:in `process_without_filters'
    /opt/local/lib/ruby/gems/1.8/gems/actionpack-2.0.2/lib/action_controller/filters.rb:685:in `process_without_session_management_support'
    /opt/local/lib/ruby/gems/1.8/gems/actionpack-2.0.2/lib/action_controller/session_management.rb:123:in `process'
    /opt/local/lib/ruby/gems/1.8/gems/actionpack-2.0.2/lib/action_controller/base.rb:388:in `process'
    /opt/local/lib/ruby/gems/1.8/gems/actionpack-2.0.2/lib/action_controller/dispatcher.rb:171:in `handle_request'
    /opt/local/lib/ruby/gems/1.8/gems/actionpack-2.0.2/lib/action_controller/dispatcher.rb:115:in `dispatch'
    /opt/local/lib/ruby/gems/1.8/gems/actionpack-2.0.2/lib/action_controller/dispatcher.rb:126:in `dispatch_cgi'
    /opt/local/lib/ruby/gems/1.8/gems/actionpack-2.0.2/lib/action_controller/dispatcher.rb:9:in `dispatch'
    /opt/local/lib/ruby/gems/1.8/gems/mongrel-1.1.3/bin/../lib/mongrel/rails.rb:76:in `process'
    /opt/local/lib/ruby/gems/1.8/gems/mongrel-1.1.3/bin/../lib/mongrel/rails.rb:74:in `synchronize'
    /opt/local/lib/ruby/gems/1.8/gems/mongrel-1.1.3/bin/../lib/mongrel/rails.rb:74:in `process'
    /opt/local/lib/ruby/gems/1.8/gems/mongrel-1.1.3/lib/mongrel.rb:159:in `process_client'
    /opt/local/lib/ruby/gems/1.8/gems/mongrel-1.1.3/lib/mongrel.rb:158:in `each'
    /opt/local/lib/ruby/gems/1.8/gems/mongrel-1.1.3/lib/mongrel.rb:158:in `process_client'
    /opt/local/lib/ruby/gems/1.8/gems/mongrel-1.1.3/lib/mongrel.rb:285:in `run'
    /opt/local/lib/ruby/gems/1.8/gems/mongrel-1.1.3/lib/mongrel.rb:285:in `initialize'
    /opt/local/lib/ruby/gems/1.8/gems/mongrel-1.1.3/lib/mongrel.rb:285:in `new'
    /opt/local/lib/ruby/gems/1.8/gems/mongrel-1.1.3/lib/mongrel.rb:285:in `run'
    /opt/local/lib/ruby/gems/1.8/gems/mongrel-1.1.3/lib/mongrel.rb:268:in `initialize'
    /opt/local/lib/ruby/gems/1.8/gems/mongrel-1.1.3/lib/mongrel.rb:268:in `new'
    /opt/local/lib/ruby/gems/1.8/gems/mongrel-1.1.3/lib/mongrel.rb:268:in `run'
    /opt/local/lib/ruby/gems/1.8/gems/mongrel-1.1.3/lib/mongrel/configurator.rb:282:in `run'
    /opt/local/lib/ruby/gems/1.8/gems/mongrel-1.1.3/lib/mongrel/configurator.rb:281:in `each'
    /opt/local/lib/ruby/gems/1.8/gems/mongrel-1.1.3/lib/mongrel/configurator.rb:281:in `run'
    /opt/local/lib/ruby/gems/1.8/gems/mongrel-1.1.3/bin/mongrel_rails:128:in `run'
    /opt/local/lib/ruby/gems/1.8/gems/mongrel-1.1.3/lib/mongrel/command.rb:212:in `run'
    /opt/local/lib/ruby/gems/1.8/gems/mongrel-1.1.3/bin/mongrel_rails:281
    /opt/local/lib/ruby/gems/1.8/gems/activesupport-2.0.2/lib/active_support/dependencies.rb:489:in `load'
    /opt/local/lib/ruby/gems/1.8/gems/activesupport-2.0.2/lib/active_support/dependencies.rb:489:in `load'
    /opt/local/lib/ruby/gems/1.8/gems/activesupport-2.0.2/lib/active_support/dependencies.rb:342:in `new_constants_in'
    /opt/local/lib/ruby/gems/1.8/gems/activesupport-2.0.2/lib/active_support/dependencies.rb:489:in `load'
    /opt/local/lib/ruby/gems/1.8/gems/rails-2.0.2/lib/commands/servers/mongrel.rb:64
    /opt/local/lib/ruby/site_ruby/1.8/rubygems/custom_require.rb:27:in `gem_original_require'
    /opt/local/lib/ruby/site_ruby/1.8/rubygems/custom_require.rb:27:in `require'
    /opt/local/lib/ruby/gems/1.8/gems/activesupport-2.0.2/lib/active_support/dependencies.rb:496:in `require'
    /opt/local/lib/ruby/gems/1.8/gems/activesupport-2.0.2/lib/active_support/dependencies.rb:342:in `new_constants_in'
    /opt/local/lib/ruby/gems/1.8/gems/activesupport-2.0.2/lib/active_support/dependencies.rb:496:in `require'
    /opt/local/lib/ruby/gems/1.8/gems/rails-2.0.2/lib/commands/server.rb:39
    /opt/local/lib/ruby/site_ruby/1.8/rubygems/custom_require.rb:27:in `gem_original_require'
    /opt/local/lib/ruby/site_ruby/1.8/rubygems/custom_require.rb:27:in `require'
    ./script/server:3

Rendering /opt/local/lib/ruby/gems/1.8/gems/actionpack-2.0.2/lib/action_controller/templates/rescues/layout.erb (internal_server_error)
Completed in 0.21922 (4 reqs/sec) | DB: 0.00000 (0%) | 500 Internal Server Error [http://localhosttasks/load_all]


Processing RubyamfController#gateway (for 127.0.0.1 at 2008-03-04 21:43:46) [POST]
  Session ID: BAh7BiIKZmxhc2hJQzonQWN0aW9uQ29udHJvbGxlcjo6Rmxhc2g6OkZsYXNo%0ASGFzaHsABjoKQHVzZWR7AA%3D%3D--64283786789f40b8fbc86d665ed70dae4895f221
  Parameters: {"action"=>"gateway", "controller"=>"rubyamf"}
Sending data 
Completed in 0.00798 (125 reqs/sec) | Rendering: 0.00005 (0%) | DB: 0.00000 (0%) | 200 OK [http://localhost/rubyamf_gateway/]


Processing RubyamfController#gateway (for 127.0.0.1 at 2008-03-04 21:44:46) [POST]
  Session ID: BAh7BiIKZmxhc2hJQzonQWN0aW9uQ29udHJvbGxlcjo6Rmxhc2g6OkZsYXNo%0ASGFzaHsABjoKQHVzZWR7AA%3D%3D--64283786789f40b8fbc86d665ed70dae4895f221
  Parameters: {"action"=>"gateway", "controller"=>"rubyamf"}
Sending data 
Completed in 0.00346 (288 reqs/sec) | Rendering: 0.00005 (1%) | DB: 0.00000 (0%) | 200 OK [http://localhost/rubyamf_gateway/]


Processing RubyamfController#gateway (for 127.0.0.1 at 2008-03-04 21:44:46) [POST]
  Session ID: BAh7BiIKZmxhc2hJQzonQWN0aW9uQ29udHJvbGxlcjo6Rmxhc2g6OkZsYXNo%0ASGFzaHsABjoKQHVzZWR7AA%3D%3D--64283786789f40b8fbc86d665ed70dae4895f221
  Parameters: {"action"=>"gateway", "controller"=>"rubyamf"}


Processing ContextsController#load_all (for 127.0.0.1 at 2008-03-04 21:44:46) [POST]
  Session ID: BAh7BiIKZmxhc2hJQzonQWN0aW9uQ29udHJvbGxlcjo6Rmxhc2g6OkZsYXNo%0ASGFzaHsABjoKQHVzZWR7AA%3D%3D--64283786789f40b8fbc86d665ed70dae4895f221
  Parameters: {"action"=>"load_all", "controller"=>"contexts"}
  [4;35;1mContext Load (0.000667)[0m   [0mSELECT * FROM contexts [0m
Completed in 0.00705 (141 reqs/sec) | DB: 0.00000 (0%) |  [http://localhostcontexts/load_all]
Sending data 
Completed in 0.01596 (62 reqs/sec) | Rendering: 0.00004 (0%) | DB: 0.00000 (0%) | 200 OK [http://localhostcontexts/load_all]


Processing RubyamfController#gateway (for 127.0.0.1 at 2008-03-04 21:44:48) [POST]
  Session ID: BAh7BiIKZmxhc2hJQzonQWN0aW9uQ29udHJvbGxlcjo6Rmxhc2g6OkZsYXNo%0ASGFzaHsABjoKQHVzZWR7AA%3D%3D--64283786789f40b8fbc86d665ed70dae4895f221
  Parameters: {"action"=>"gateway", "controller"=>"rubyamf"}
Sending data 
Completed in 0.00298 (335 reqs/sec) | Rendering: 0.00004 (1%) | DB: 0.00000 (0%) | 200 OK [http://localhost/rubyamf_gateway/]


Processing RubyamfController#gateway (for 127.0.0.1 at 2008-03-04 21:44:48) [POST]
  Session ID: BAh7BiIKZmxhc2hJQzonQWN0aW9uQ29udHJvbGxlcjo6Rmxhc2g6OkZsYXNo%0ASGFzaHsABjoKQHVzZWR7AA%3D%3D--64283786789f40b8fbc86d665ed70dae4895f221
  Parameters: {"action"=>"gateway", "controller"=>"rubyamf"}


Processing TasksController#load_all (for 127.0.0.1 at 2008-03-04 21:44:48) [POST]
  Session ID: BAh7BiIKZmxhc2hJQzonQWN0aW9uQ29udHJvbGxlcjo6Rmxhc2g6OkZsYXNo%0ASGFzaHsABjoKQHVzZWR7AA%3D%3D--64283786789f40b8fbc86d665ed70dae4895f221
  Parameters: {"context_id"=>1, 0=>{"context_id"=>1}, "action"=>"load_all", "controller"=>"tasks"}
  [4;36;1mContext Load (0.000294)[0m   [0;1mSELECT * FROM contexts WHERE (contexts."id" = 1) [0m
Completed in 0.01125 (88 reqs/sec) | DB: 0.00000 (0%) |  [http://localhosttasks/load_all]
  [4;35;1mTask Load (0.010800)[0m   [0mSELECT * FROM tasks WHERE (tasks.context_id = 1) [0m
Sending data 
Completed in 0.08347 (11 reqs/sec) | Rendering: 0.00007 (0%) | DB: 0.01080 (12%) | 200 OK [http://localhosttasks/load_all]


Processing RubyamfController#gateway (for 127.0.0.1 at 2008-03-04 21:44:53) [POST]
  Session ID: BAh7BiIKZmxhc2hJQzonQWN0aW9uQ29udHJvbGxlcjo6Rmxhc2g6OkZsYXNo%0ASGFzaHsABjoKQHVzZWR7AA%3D%3D--64283786789f40b8fbc86d665ed70dae4895f221
  Parameters: {"action"=>"gateway", "controller"=>"rubyamf"}


Processing TasksController#load_all (for 127.0.0.1 at 2008-03-04 21:44:53) [POST]
  Session ID: BAh7BiIKZmxhc2hJQzonQWN0aW9uQ29udHJvbGxlcjo6Rmxhc2g6OkZsYXNo%0ASGFzaHsABjoKQHVzZWR7AA%3D%3D--64283786789f40b8fbc86d665ed70dae4895f221
  Parameters: {"context_id"=>2, 0=>{"context_id"=>2}, "action"=>"load_all", "controller"=>"tasks"}
  [4;36;1mContext Load (0.000258)[0m   [0;1mSELECT * FROM contexts WHERE (contexts."id" = 2) [0m
Completed in 0.01201 (83 reqs/sec) | DB: 0.00000 (0%) |  [http://localhosttasks/load_all]
  [4;35;1mTask Load (0.000455)[0m   [0mSELECT * FROM tasks WHERE (tasks.context_id = 2) [0m
Sending data 
Completed in 0.02287 (43 reqs/sec) | Rendering: 0.00005 (0%) | DB: 0.00045 (1%) | 200 OK [http://localhosttasks/load_all]


Processing RubyamfController#gateway (for 127.0.0.1 at 2008-03-04 21:46:53) [POST]
  Session ID: BAh7BiIKZmxhc2hJQzonQWN0aW9uQ29udHJvbGxlcjo6Rmxhc2g6OkZsYXNo%0ASGFzaHsABjoKQHVzZWR7AA%3D%3D--64283786789f40b8fbc86d665ed70dae4895f221
  Parameters: {"action"=>"gateway", "controller"=>"rubyamf"}
Sending data 
Completed in 0.00325 (307 reqs/sec) | Rendering: 0.00005 (1%) | DB: 0.00000 (0%) | 200 OK [http://localhost/rubyamf_gateway/]


Processing RubyamfController#gateway (for 127.0.0.1 at 2008-03-04 21:46:53) [POST]
  Session ID: BAh7BiIKZmxhc2hJQzonQWN0aW9uQ29udHJvbGxlcjo6Rmxhc2g6OkZsYXNo%0ASGFzaHsABjoKQHVzZWR7AA%3D%3D--64283786789f40b8fbc86d665ed70dae4895f221
  Parameters: {"action"=>"gateway", "controller"=>"rubyamf"}


Processing ContextsController#load_all (for 127.0.0.1 at 2008-03-04 21:46:53) [POST]
  Session ID: BAh7BiIKZmxhc2hJQzonQWN0aW9uQ29udHJvbGxlcjo6Rmxhc2g6OkZsYXNo%0ASGFzaHsABjoKQHVzZWR7AA%3D%3D--64283786789f40b8fbc86d665ed70dae4895f221
  Parameters: {"action"=>"load_all", "controller"=>"contexts"}
  [4;36;1mContext Load (0.000740)[0m   [0;1mSELECT * FROM contexts [0m
Completed in 0.00707 (141 reqs/sec) | DB: 0.00000 (0%) |  [http://localhostcontexts/load_all]
Sending data 
Completed in 0.01558 (64 reqs/sec) | Rendering: 0.00004 (0%) | DB: 0.00000 (0%) | 200 OK [http://localhostcontexts/load_all]


Processing RubyamfController#gateway (for 127.0.0.1 at 2008-03-04 21:46:54) [POST]
  Session ID: BAh7BiIKZmxhc2hJQzonQWN0aW9uQ29udHJvbGxlcjo6Rmxhc2g6OkZsYXNo%0ASGFzaHsABjoKQHVzZWR7AA%3D%3D--64283786789f40b8fbc86d665ed70dae4895f221
  Parameters: {"action"=>"gateway", "controller"=>"rubyamf"}
Sending data 
Completed in 0.00308 (324 reqs/sec) | Rendering: 0.00004 (1%) | DB: 0.00000 (0%) | 200 OK [http://localhost/rubyamf_gateway/]


Processing RubyamfController#gateway (for 127.0.0.1 at 2008-03-04 21:46:54) [POST]
  Session ID: BAh7BiIKZmxhc2hJQzonQWN0aW9uQ29udHJvbGxlcjo6Rmxhc2g6OkZsYXNo%0ASGFzaHsABjoKQHVzZWR7AA%3D%3D--64283786789f40b8fbc86d665ed70dae4895f221
  Parameters: {"action"=>"gateway", "controller"=>"rubyamf"}


Processing TasksController#load_all (for 127.0.0.1 at 2008-03-04 21:46:54) [POST]
  Session ID: BAh7BiIKZmxhc2hJQzonQWN0aW9uQ29udHJvbGxlcjo6Rmxhc2g6OkZsYXNo%0ASGFzaHsABjoKQHVzZWR7AA%3D%3D--64283786789f40b8fbc86d665ed70dae4895f221
  Parameters: {"context_id"=>1, 0=>{"context_id"=>1}, "action"=>"load_all", "controller"=>"tasks"}
  [4;35;1mContext Load (0.000273)[0m   [0mSELECT * FROM contexts WHERE (contexts."id" = 1) [0m
Completed in 0.01151 (86 reqs/sec) | DB: 0.00000 (0%) |  [http://localhosttasks/load_all]
  [4;36;1mTask Load (0.000501)[0m   [0;1mSELECT * FROM tasks WHERE (tasks.context_id = 1) [0m
Sending data 
Completed in 0.07814 (12 reqs/sec) | Rendering: 0.00005 (0%) | DB: 0.00050 (0%) | 200 OK [http://localhosttasks/load_all]


Processing RubyamfController#gateway (for 127.0.0.1 at 2008-03-04 21:46:56) [POST]
  Session ID: BAh7BiIKZmxhc2hJQzonQWN0aW9uQ29udHJvbGxlcjo6Rmxhc2g6OkZsYXNo%0ASGFzaHsABjoKQHVzZWR7AA%3D%3D--64283786789f40b8fbc86d665ed70dae4895f221
  Parameters: {"action"=>"gateway", "controller"=>"rubyamf"}


Processing TasksController#load_all (for 127.0.0.1 at 2008-03-04 21:46:56) [POST]
  Session ID: BAh7BiIKZmxhc2hJQzonQWN0aW9uQ29udHJvbGxlcjo6Rmxhc2g6OkZsYXNo%0ASGFzaHsABjoKQHVzZWR7AA%3D%3D--64283786789f40b8fbc86d665ed70dae4895f221
  Parameters: {"context_id"=>2, 0=>{"context_id"=>2}, "action"=>"load_all", "controller"=>"tasks"}
  [4;35;1mContext Load (0.000267)[0m   [0mSELECT * FROM contexts WHERE (contexts."id" = 2) [0m
Completed in 0.01085 (92 reqs/sec) | DB: 0.00000 (0%) |  [http://localhosttasks/load_all]
  [4;36;1mTask Load (0.000400)[0m   [0;1mSELECT * FROM tasks WHERE (tasks.context_id = 2) [0m
Sending data 
Completed in 0.02151 (46 reqs/sec) | Rendering: 0.00005 (0%) | DB: 0.00040 (1%) | 200 OK [http://localhosttasks/load_all]


Processing RubyamfController#gateway (for 127.0.0.1 at 2008-03-04 21:47:30) [POST]
  Session ID: BAh7BiIKZmxhc2hJQzonQWN0aW9uQ29udHJvbGxlcjo6Rmxhc2g6OkZsYXNo%0ASGFzaHsABjoKQHVzZWR7AA%3D%3D--64283786789f40b8fbc86d665ed70dae4895f221
  Parameters: {"action"=>"gateway", "controller"=>"rubyamf"}
Sending data 
Completed in 0.00469 (213 reqs/sec) | Rendering: 0.00006 (1%) | DB: 0.00000 (0%) | 200 OK [http://localhost/rubyamf_gateway/]


Processing RubyamfController#gateway (for 127.0.0.1 at 2008-03-04 21:47:30) [POST]
  Session ID: BAh7BiIKZmxhc2hJQzonQWN0aW9uQ29udHJvbGxlcjo6Rmxhc2g6OkZsYXNo%0ASGFzaHsABjoKQHVzZWR7AA%3D%3D--64283786789f40b8fbc86d665ed70dae4895f221
  Parameters: {"action"=>"gateway", "controller"=>"rubyamf"}


Processing ContextsController#load_all (for 127.0.0.1 at 2008-03-04 21:47:30) [POST]
  Session ID: BAh7BiIKZmxhc2hJQzonQWN0aW9uQ29udHJvbGxlcjo6Rmxhc2g6OkZsYXNo%0ASGFzaHsABjoKQHVzZWR7AA%3D%3D--64283786789f40b8fbc86d665ed70dae4895f221
  Parameters: {"action"=>"load_all", "controller"=>"contexts"}
  [4;35;1mContext Load (0.000739)[0m   [0mSELECT * FROM contexts [0m
Completed in 0.00720 (138 reqs/sec) | DB: 0.00000 (0%) |  [http://localhostcontexts/load_all]
Sending data 
Completed in 0.01635 (61 reqs/sec) | Rendering: 0.00005 (0%) | DB: 0.00000 (0%) | 200 OK [http://localhostcontexts/load_all]


Processing RubyamfController#gateway (for 127.0.0.1 at 2008-03-04 21:47:33) [POST]
  Session ID: BAh7BiIKZmxhc2hJQzonQWN0aW9uQ29udHJvbGxlcjo6Rmxhc2g6OkZsYXNo%0ASGFzaHsABjoKQHVzZWR7AA%3D%3D--64283786789f40b8fbc86d665ed70dae4895f221
  Parameters: {"action"=>"gateway", "controller"=>"rubyamf"}
Sending data 
Completed in 0.00304 (328 reqs/sec) | Rendering: 0.00004 (1%) | DB: 0.00000 (0%) | 200 OK [http://localhost/rubyamf_gateway/]


Processing RubyamfController#gateway (for 127.0.0.1 at 2008-03-04 21:47:33) [POST]
  Session ID: BAh7BiIKZmxhc2hJQzonQWN0aW9uQ29udHJvbGxlcjo6Rmxhc2g6OkZsYXNo%0ASGFzaHsABjoKQHVzZWR7AA%3D%3D--64283786789f40b8fbc86d665ed70dae4895f221
  Parameters: {"action"=>"gateway", "controller"=>"rubyamf"}


Processing TasksController#load_all (for 127.0.0.1 at 2008-03-04 21:47:33) [POST]
  Session ID: BAh7BiIKZmxhc2hJQzonQWN0aW9uQ29udHJvbGxlcjo6Rmxhc2g6OkZsYXNo%0ASGFzaHsABjoKQHVzZWR7AA%3D%3D--64283786789f40b8fbc86d665ed70dae4895f221
  Parameters: {"context_id"=>1, 0=>{"context_id"=>1}, "action"=>"load_all", "controller"=>"tasks"}
  [4;36;1mContext Load (0.000317)[0m   [0;1mSELECT * FROM contexts WHERE (contexts."id" = 1) [0m
Completed in 0.01115 (89 reqs/sec) | DB: 0.00000 (0%) |  [http://localhosttasks/load_all]
  [4;35;1mTask Load (0.000394)[0m   [0mSELECT * FROM tasks WHERE (tasks.context_id = 1) [0m
Sending data 
Completed in 0.02189 (45 reqs/sec) | Rendering: 0.00005 (0%) | DB: 0.00039 (1%) | 200 OK [http://localhosttasks/load_all]


Processing RubyamfController#gateway (for 127.0.0.1 at 2008-03-04 21:47:49) [POST]
  Session ID: BAh7BiIKZmxhc2hJQzonQWN0aW9uQ29udHJvbGxlcjo6Rmxhc2g6OkZsYXNo%0ASGFzaHsABjoKQHVzZWR7AA%3D%3D--64283786789f40b8fbc86d665ed70dae4895f221
  Parameters: {"action"=>"gateway", "controller"=>"rubyamf"}


Processing TasksController#load_all (for 127.0.0.1 at 2008-03-04 21:47:49) [POST]
  Session ID: BAh7BiIKZmxhc2hJQzonQWN0aW9uQ29udHJvbGxlcjo6Rmxhc2g6OkZsYXNo%0ASGFzaHsABjoKQHVzZWR7AA%3D%3D--64283786789f40b8fbc86d665ed70dae4895f221
  Parameters: {"context_id"=>2, 0=>{"context_id"=>2}, "action"=>"load_all", "controller"=>"tasks"}
  [4;36;1mContext Load (0.000506)[0m   [0;1mSELECT * FROM contexts WHERE (contexts."id" = 2) [0m
Completed in 0.01265 (79 reqs/sec) | DB: 0.00000 (0%) |  [http://localhosttasks/load_all]
  [4;35;1mTask Load (0.000458)[0m   [0mSELECT * FROM tasks WHERE (tasks.context_id = 2) [0m
Sending data 
Completed in 0.02891 (34 reqs/sec) | Rendering: 0.00005 (0%) | DB: 0.00046 (1%) | 200 OK [http://localhosttasks/load_all]


Processing RubyamfController#gateway (for 127.0.0.1 at 2008-03-04 21:48:42) [POST]
  Session ID: BAh7BiIKZmxhc2hJQzonQWN0aW9uQ29udHJvbGxlcjo6Rmxhc2g6OkZsYXNo%0ASGFzaHsABjoKQHVzZWR7AA%3D%3D--64283786789f40b8fbc86d665ed70dae4895f221
  Parameters: {"action"=>"gateway", "controller"=>"rubyamf"}
Sending data 
Completed in 0.00444 (224 reqs/sec) | Rendering: 0.00008 (1%) | DB: 0.00000 (0%) | 200 OK [http://localhost/rubyamf_gateway/]


Processing RubyamfController#gateway (for 127.0.0.1 at 2008-03-04 21:48:42) [POST]
  Session ID: BAh7BiIKZmxhc2hJQzonQWN0aW9uQ29udHJvbGxlcjo6Rmxhc2g6OkZsYXNo%0ASGFzaHsABjoKQHVzZWR7AA%3D%3D--64283786789f40b8fbc86d665ed70dae4895f221
  Parameters: {"action"=>"gateway", "controller"=>"rubyamf"}


Processing ContextsController#load_all (for 127.0.0.1 at 2008-03-04 21:48:42) [POST]
  Session ID: BAh7BiIKZmxhc2hJQzonQWN0aW9uQ29udHJvbGxlcjo6Rmxhc2g6OkZsYXNo%0ASGFzaHsABjoKQHVzZWR7AA%3D%3D--64283786789f40b8fbc86d665ed70dae4895f221
  Parameters: {"action"=>"load_all", "controller"=>"contexts"}
  [4;36;1mContext Load (0.000673)[0m   [0;1mSELECT * FROM contexts [0m
Completed in 0.00793 (126 reqs/sec) | DB: 0.00000 (0%) |  [http://localhostcontexts/load_all]
Sending data 
Completed in 0.01692 (59 reqs/sec) | Rendering: 0.00004 (0%) | DB: 0.00000 (0%) | 200 OK [http://localhostcontexts/load_all]


Processing RubyamfController#gateway (for 127.0.0.1 at 2008-03-04 21:48:44) [POST]
  Session ID: BAh7BiIKZmxhc2hJQzonQWN0aW9uQ29udHJvbGxlcjo6Rmxhc2g6OkZsYXNo%0ASGFzaHsABjoKQHVzZWR7AA%3D%3D--64283786789f40b8fbc86d665ed70dae4895f221
  Parameters: {"action"=>"gateway", "controller"=>"rubyamf"}
Sending data 
Completed in 0.00312 (320 reqs/sec) | Rendering: 0.00004 (1%) | DB: 0.00000 (0%) | 200 OK [http://localhost/rubyamf_gateway/]


Processing RubyamfController#gateway (for 127.0.0.1 at 2008-03-04 21:48:44) [POST]
  Session ID: BAh7BiIKZmxhc2hJQzonQWN0aW9uQ29udHJvbGxlcjo6Rmxhc2g6OkZsYXNo%0ASGFzaHsABjoKQHVzZWR7AA%3D%3D--64283786789f40b8fbc86d665ed70dae4895f221
  Parameters: {"action"=>"gateway", "controller"=>"rubyamf"}


Processing TasksController#load_all (for 127.0.0.1 at 2008-03-04 21:48:44) [POST]
  Session ID: BAh7BiIKZmxhc2hJQzonQWN0aW9uQ29udHJvbGxlcjo6Rmxhc2g6OkZsYXNo%0ASGFzaHsABjoKQHVzZWR7AA%3D%3D--64283786789f40b8fbc86d665ed70dae4895f221
  Parameters: {"context_id"=>1, 0=>{"context_id"=>1}, "action"=>"load_all", "controller"=>"tasks"}
  [4;35;1mContext Load (0.000359)[0m   [0mSELECT * FROM contexts WHERE (contexts."id" = 1) [0m
Completed in 0.01179 (84 reqs/sec) | DB: 0.00000 (0%) |  [http://localhosttasks/load_all]
  [4;36;1mTask Load (0.000402)[0m   [0;1mSELECT * FROM tasks WHERE (tasks.context_id = 1) [0m
Sending data 
Completed in 0.02225 (44 reqs/sec) | Rendering: 0.00004 (0%) | DB: 0.00040 (1%) | 200 OK [http://localhosttasks/load_all]


Processing RubyamfController#gateway (for 127.0.0.1 at 2008-03-04 21:48:46) [POST]
  Session ID: BAh7BiIKZmxhc2hJQzonQWN0aW9uQ29udHJvbGxlcjo6Rmxhc2g6OkZsYXNo%0ASGFzaHsABjoKQHVzZWR7AA%3D%3D--64283786789f40b8fbc86d665ed70dae4895f221
  Parameters: {"action"=>"gateway", "controller"=>"rubyamf"}


Processing TasksController#load_all (for 127.0.0.1 at 2008-03-04 21:48:46) [POST]
  Session ID: BAh7BiIKZmxhc2hJQzonQWN0aW9uQ29udHJvbGxlcjo6Rmxhc2g6OkZsYXNo%0ASGFzaHsABjoKQHVzZWR7AA%3D%3D--64283786789f40b8fbc86d665ed70dae4895f221
  Parameters: {"context_id"=>2, 0=>{"context_id"=>2}, "action"=>"load_all", "controller"=>"tasks"}
  [4;35;1mContext Load (0.000260)[0m   [0mSELECT * FROM contexts WHERE (contexts."id" = 2) [0m
Completed in 0.01071 (93 reqs/sec) | DB: 0.00000 (0%) |  [http://localhosttasks/load_all]
  [4;36;1mTask Load (0.000577)[0m   [0;1mSELECT * FROM tasks WHERE (tasks.context_id = 2) [0m
Sending data 
Completed in 0.02224 (44 reqs/sec) | Rendering: 0.00005 (0%) | DB: 0.00058 (2%) | 200 OK [http://localhosttasks/load_all]


Processing RubyamfController#gateway (for 127.0.0.1 at 2008-03-04 21:49:23) [POST]
  Session ID: BAh7BiIKZmxhc2hJQzonQWN0aW9uQ29udHJvbGxlcjo6Rmxhc2g6OkZsYXNo%0ASGFzaHsABjoKQHVzZWR7AA%3D%3D--64283786789f40b8fbc86d665ed70dae4895f221
  Parameters: {"action"=>"gateway", "controller"=>"rubyamf"}


Processing ContextsController#save (for 127.0.0.1 at 2008-03-04 21:49:23) [POST]
  Session ID: BAh7BiIKZmxhc2hJQzonQWN0aW9uQ29udHJvbGxlcjo6Rmxhc2g6OkZsYXNo%0ASGFzaHsABjoKQHVzZWR7AA%3D%3D--64283786789f40b8fbc86d665ed70dae4895f221
  Parameters: {0=>{"context"=>#<Context id: nil, label: "Play", created_at: nil, updated_at: nil>}, "action"=>"save", "controller"=>"contexts", "context"=>#<Context id: nil, label: "Play", created_at: nil, updated_at: nil>}
  [4;35;1mContext Create (0.000937)[0m   [0mINSERT INTO contexts ("updated_at", "label", "created_at") VALUES('2008-03-04 21:49:23', 'Play', '2008-03-04 21:49:23')[0m
Completed in 0.00863 (115 reqs/sec) | DB: 0.00000 (0%) |  [http://localhostcontexts/save]
Sending data 
Completed in 0.02091 (47 reqs/sec) | Rendering: 0.00004 (0%) | DB: 0.00000 (0%) | 200 OK [http://localhostcontexts/save]


Processing RubyamfController#gateway (for 127.0.0.1 at 2008-03-04 21:49:26) [POST]
  Session ID: BAh7BiIKZmxhc2hJQzonQWN0aW9uQ29udHJvbGxlcjo6Rmxhc2g6OkZsYXNo%0ASGFzaHsABjoKQHVzZWR7AA%3D%3D--64283786789f40b8fbc86d665ed70dae4895f221
  Parameters: {"action"=>"gateway", "controller"=>"rubyamf"}


Processing TasksController#load_all (for 127.0.0.1 at 2008-03-04 21:49:26) [POST]
  Session ID: BAh7BiIKZmxhc2hJQzonQWN0aW9uQ29udHJvbGxlcjo6Rmxhc2g6OkZsYXNo%0ASGFzaHsABjoKQHVzZWR7AA%3D%3D--64283786789f40b8fbc86d665ed70dae4895f221
  Parameters: {"context_id"=>4, 0=>{"context_id"=>4}, "action"=>"load_all", "controller"=>"tasks"}
  [4;36;1mContext Load (0.000281)[0m   [0;1mSELECT * FROM contexts WHERE (contexts."id" = 4) [0m
Completed in 0.01064 (93 reqs/sec) | DB: 0.00000 (0%) |  [http://localhosttasks/load_all]
  [4;35;1mTask Load (0.000250)[0m   [0mSELECT * FROM tasks WHERE (tasks.context_id = 4) [0m
Sending data 
Completed in 0.01882 (53 reqs/sec) | Rendering: 0.00005 (0%) | DB: 0.00025 (1%) | 200 OK [http://localhosttasks/load_all]


Processing RubyamfController#gateway (for 127.0.0.1 at 2008-03-04 22:28:52) [POST]
  Session ID: BAh7BiIKZmxhc2hJQzonQWN0aW9uQ29udHJvbGxlcjo6Rmxhc2g6OkZsYXNo%0ASGFzaHsABjoKQHVzZWR7AA%3D%3D--64283786789f40b8fbc86d665ed70dae4895f221
  Parameters: {"action"=>"gateway", "controller"=>"rubyamf"}
Sending data 
Completed in 0.00399 (250 reqs/sec) | Rendering: 0.00005 (1%) | DB: 0.00000 (0%) | 200 OK [http://localhost/rubyamf_gateway/]


Processing RubyamfController#gateway (for 127.0.0.1 at 2008-03-04 22:28:52) [POST]
  Session ID: BAh7BiIKZmxhc2hJQzonQWN0aW9uQ29udHJvbGxlcjo6Rmxhc2g6OkZsYXNo%0ASGFzaHsABjoKQHVzZWR7AA%3D%3D--64283786789f40b8fbc86d665ed70dae4895f221
  Parameters: {"action"=>"gateway", "controller"=>"rubyamf"}


Processing ContextsController#load_all (for 127.0.0.1 at 2008-03-04 22:28:52) [POST]
  Session ID: BAh7BiIKZmxhc2hJQzonQWN0aW9uQ29udHJvbGxlcjo6Rmxhc2g6OkZsYXNo%0ASGFzaHsABjoKQHVzZWR7AA%3D%3D--64283786789f40b8fbc86d665ed70dae4895f221
  Parameters: {"action"=>"load_all", "controller"=>"contexts"}
  [4;36;1mContext Load (0.001002)[0m   [0;1mSELECT * FROM contexts [0m
Completed in 0.00755 (132 reqs/sec) | DB: 0.00000 (0%) |  [http://localhostcontexts/load_all]
Sending data 
Completed in 0.01718 (58 reqs/sec) | Rendering: 0.00005 (0%) | DB: 0.00000 (0%) | 200 OK [http://localhostcontexts/load_all]


Processing RubyamfController#gateway (for 127.0.0.1 at 2008-03-04 22:28:54) [POST]
  Session ID: BAh7BiIKZmxhc2hJQzonQWN0aW9uQ29udHJvbGxlcjo6Rmxhc2g6OkZsYXNo%0ASGFzaHsABjoKQHVzZWR7AA%3D%3D--64283786789f40b8fbc86d665ed70dae4895f221
  Parameters: {"action"=>"gateway", "controller"=>"rubyamf"}
Sending data 
Completed in 0.00307 (326 reqs/sec) | Rendering: 0.00004 (1%) | DB: 0.00000 (0%) | 200 OK [http://localhost/rubyamf_gateway/]


Processing RubyamfController#gateway (for 127.0.0.1 at 2008-03-04 22:28:54) [POST]
  Session ID: BAh7BiIKZmxhc2hJQzonQWN0aW9uQ29udHJvbGxlcjo6Rmxhc2g6OkZsYXNo%0ASGFzaHsABjoKQHVzZWR7AA%3D%3D--64283786789f40b8fbc86d665ed70dae4895f221
  Parameters: {"action"=>"gateway", "controller"=>"rubyamf"}


Processing TasksController#load_all (for 127.0.0.1 at 2008-03-04 22:28:54) [POST]
  Session ID: BAh7BiIKZmxhc2hJQzonQWN0aW9uQ29udHJvbGxlcjo6Rmxhc2g6OkZsYXNo%0ASGFzaHsABjoKQHVzZWR7AA%3D%3D--64283786789f40b8fbc86d665ed70dae4895f221
  Parameters: {"context_id"=>1, 0=>{"context_id"=>1}, "action"=>"load_all", "controller"=>"tasks"}
  [4;35;1mContext Load (0.000290)[0m   [0mSELECT * FROM contexts WHERE (contexts."id" = 1) [0m
Completed in 0.01157 (86 reqs/sec) | DB: 0.00000 (0%) |  [http://localhosttasks/load_all]
  [4;36;1mTask Load (0.000393)[0m   [0;1mSELECT * FROM tasks WHERE (tasks.context_id = 1) [0m
Sending data 
Completed in 0.02164 (46 reqs/sec) | Rendering: 0.00004 (0%) | DB: 0.00039 (1%) | 200 OK [http://localhosttasks/load_all]


Processing RubyamfController#gateway (for 127.0.0.1 at 2008-03-04 22:28:59) [POST]
  Session ID: BAh7BiIKZmxhc2hJQzonQWN0aW9uQ29udHJvbGxlcjo6Rmxhc2g6OkZsYXNo%0ASGFzaHsABjoKQHVzZWR7AA%3D%3D--64283786789f40b8fbc86d665ed70dae4895f221
  Parameters: {"action"=>"gateway", "controller"=>"rubyamf"}


Processing TasksController#load_all (for 127.0.0.1 at 2008-03-04 22:28:59) [POST]
  Session ID: BAh7BiIKZmxhc2hJQzonQWN0aW9uQ29udHJvbGxlcjo6Rmxhc2g6OkZsYXNo%0ASGFzaHsABjoKQHVzZWR7AA%3D%3D--64283786789f40b8fbc86d665ed70dae4895f221
  Parameters: {"context_id"=>2, 0=>{"context_id"=>2}, "action"=>"load_all", "controller"=>"tasks"}
  [4;35;1mContext Load (0.000271)[0m   [0mSELECT * FROM contexts WHERE (contexts."id" = 2) [0m
Completed in 0.01131 (88 reqs/sec) | DB: 0.00000 (0%) |  [http://localhosttasks/load_all]
  [4;36;1mTask Load (0.000477)[0m   [0;1mSELECT * FROM tasks WHERE (tasks.context_id = 2) [0m
Sending data 
Completed in 0.02192 (45 reqs/sec) | Rendering: 0.00004 (0%) | DB: 0.00048 (2%) | 200 OK [http://localhosttasks/load_all]


Processing RubyamfController#gateway (for 127.0.0.1 at 2008-03-04 22:29:04) [POST]
  Session ID: BAh7BiIKZmxhc2hJQzonQWN0aW9uQ29udHJvbGxlcjo6Rmxhc2g6OkZsYXNo%0ASGFzaHsABjoKQHVzZWR7AA%3D%3D--64283786789f40b8fbc86d665ed70dae4895f221
  Parameters: {"action"=>"gateway", "controller"=>"rubyamf"}


Processing TasksController#load_all (for 127.0.0.1 at 2008-03-04 22:29:04) [POST]
  Session ID: BAh7BiIKZmxhc2hJQzonQWN0aW9uQ29udHJvbGxlcjo6Rmxhc2g6OkZsYXNo%0ASGFzaHsABjoKQHVzZWR7AA%3D%3D--64283786789f40b8fbc86d665ed70dae4895f221
  Parameters: {"context_id"=>4, 0=>{"context_id"=>4}, "action"=>"load_all", "controller"=>"tasks"}
  [4;35;1mContext Load (0.000317)[0m   [0mSELECT * FROM contexts WHERE (contexts."id" = 4) [0m
Completed in 0.01114 (89 reqs/sec) | DB: 0.00000 (0%) |  [http://localhosttasks/load_all]
  [4;36;1mTask Load (0.000227)[0m   [0;1mSELECT * FROM tasks WHERE (tasks.context_id = 4) [0m
Sending data 
Completed in 0.01891 (52 reqs/sec) | Rendering: 0.00004 (0%) | DB: 0.00023 (1%) | 200 OK [http://localhosttasks/load_all]


Processing RubyamfController#gateway (for 127.0.0.1 at 2008-03-04 22:29:38) [POST]
  Session ID: BAh7BiIKZmxhc2hJQzonQWN0aW9uQ29udHJvbGxlcjo6Rmxhc2g6OkZsYXNo%0ASGFzaHsABjoKQHVzZWR7AA%3D%3D--64283786789f40b8fbc86d665ed70dae4895f221
  Parameters: {"action"=>"gateway", "controller"=>"rubyamf"}
Sending data 
Completed in 0.00307 (325 reqs/sec) | Rendering: 0.00005 (1%) | DB: 0.00000 (0%) | 200 OK [http://localhost/rubyamf_gateway/]


Processing RubyamfController#gateway (for 127.0.0.1 at 2008-03-04 22:29:39) [POST]
  Session ID: BAh7BiIKZmxhc2hJQzonQWN0aW9uQ29udHJvbGxlcjo6Rmxhc2g6OkZsYXNo%0ASGFzaHsABjoKQHVzZWR7AA%3D%3D--64283786789f40b8fbc86d665ed70dae4895f221
  Parameters: {"action"=>"gateway", "controller"=>"rubyamf"}


Processing ContextsController#load_all (for 127.0.0.1 at 2008-03-04 22:29:39) [POST]
  Session ID: BAh7BiIKZmxhc2hJQzonQWN0aW9uQ29udHJvbGxlcjo6Rmxhc2g6OkZsYXNo%0ASGFzaHsABjoKQHVzZWR7AA%3D%3D--64283786789f40b8fbc86d665ed70dae4895f221
  Parameters: {"action"=>"load_all", "controller"=>"contexts"}
  [4;35;1mContext Load (0.000721)[0m   [0mSELECT * FROM contexts [0m
Completed in 0.00728 (137 reqs/sec) | DB: 0.00000 (0%) |  [http://localhostcontexts/load_all]
Sending data 
Completed in 0.01634 (61 reqs/sec) | Rendering: 0.00004 (0%) | DB: 0.00000 (0%) | 200 OK [http://localhostcontexts/load_all]


Processing RubyamfController#gateway (for 127.0.0.1 at 2008-03-04 22:29:48) [POST]
  Session ID: BAh7BiIKZmxhc2hJQzonQWN0aW9uQ29udHJvbGxlcjo6Rmxhc2g6OkZsYXNo%0ASGFzaHsABjoKQHVzZWR7AA%3D%3D--64283786789f40b8fbc86d665ed70dae4895f221
  Parameters: {"action"=>"gateway", "controller"=>"rubyamf"}
Sending data 
Completed in 0.00290 (344 reqs/sec) | Rendering: 0.00004 (1%) | DB: 0.00000 (0%) | 200 OK [http://localhost/rubyamf_gateway/]


Processing RubyamfController#gateway (for 127.0.0.1 at 2008-03-04 22:29:48) [POST]
  Session ID: BAh7BiIKZmxhc2hJQzonQWN0aW9uQ29udHJvbGxlcjo6Rmxhc2g6OkZsYXNo%0ASGFzaHsABjoKQHVzZWR7AA%3D%3D--64283786789f40b8fbc86d665ed70dae4895f221
  Parameters: {"action"=>"gateway", "controller"=>"rubyamf"}


Processing TasksController#load_all (for 127.0.0.1 at 2008-03-04 22:29:48) [POST]
  Session ID: BAh7BiIKZmxhc2hJQzonQWN0aW9uQ29udHJvbGxlcjo6Rmxhc2g6OkZsYXNo%0ASGFzaHsABjoKQHVzZWR7AA%3D%3D--64283786789f40b8fbc86d665ed70dae4895f221
  Parameters: {"context_id"=>1, 0=>{"context_id"=>1}, "action"=>"load_all", "controller"=>"tasks"}
  [4;36;1mContext Load (0.000260)[0m   [0;1mSELECT * FROM contexts WHERE (contexts."id" = 1) [0m
Completed in 0.01041 (96 reqs/sec) | DB: 0.00000 (0%) |  [http://localhosttasks/load_all]
  [4;35;1mTask Load (0.000400)[0m   [0mSELECT * FROM tasks WHERE (tasks.context_id = 1) [0m
Sending data 
Completed in 0.02021 (49 reqs/sec) | Rendering: 0.00004 (0%) | DB: 0.00040 (1%) | 200 OK [http://localhosttasks/load_all]


Processing RubyamfController#gateway (for 127.0.0.1 at 2008-03-04 22:29:53) [POST]
  Session ID: BAh7BiIKZmxhc2hJQzonQWN0aW9uQ29udHJvbGxlcjo6Rmxhc2g6OkZsYXNo%0ASGFzaHsABjoKQHVzZWR7AA%3D%3D--64283786789f40b8fbc86d665ed70dae4895f221
  Parameters: {"action"=>"gateway", "controller"=>"rubyamf"}


Processing TasksController#load_all (for 127.0.0.1 at 2008-03-04 22:29:53) [POST]
  Session ID: BAh7BiIKZmxhc2hJQzonQWN0aW9uQ29udHJvbGxlcjo6Rmxhc2g6OkZsYXNo%0ASGFzaHsABjoKQHVzZWR7AA%3D%3D--64283786789f40b8fbc86d665ed70dae4895f221
  Parameters: {"context_id"=>2, 0=>{"context_id"=>2}, "action"=>"load_all", "controller"=>"tasks"}
  [4;36;1mContext Load (0.000280)[0m   [0;1mSELECT * FROM contexts WHERE (contexts."id" = 2) [0m
Completed in 0.01264 (79 reqs/sec) | DB: 0.00000 (0%) |  [http://localhosttasks/load_all]
  [4;35;1mTask Load (0.000510)[0m   [0mSELECT * FROM tasks WHERE (tasks.context_id = 2) [0m
Sending data 
Completed in 0.02494 (40 reqs/sec) | Rendering: 0.00005 (0%) | DB: 0.00051 (2%) | 200 OK [http://localhosttasks/load_all]
