  [4;36;1mSQL (0.026670)[0m   [0;1mselect sqlite_version(*)[0m
  [4;35;1mSQL (0.002955)[0m   [0mCREATE TABLE schema_info (version integer)[0m
  [4;36;1mSQL (0.100568)[0m   [0;1mINSERT INTO schema_info (version) VALUES(0)[0m
  [4;35;1mSQL (0.000326)[0m   [0mSELECT * FROM schema_info[0m
  [4;36;1mSQL (0.000259)[0m   [0;1m SELECT name
 FROM sqlite_master
 WHERE type = 'table' AND NOT name = 'sqlite_sequence'
[0m
  [4;35;1mSQL (0.000207)[0m   [0mselect sqlite_version(*)[0m
  [4;36;1mSQL (0.002828)[0m   [0;1mCREATE TABLE schema_info (version integer)[0m
  [4;35;1mSQL (0.002444)[0m   [0mINSERT INTO schema_info (version) VALUES(0)[0m
  [4;36;1mSQL (0.002004)[0m   [0;1mUPDATE schema_info SET version = 0[0m
  [4;36;1mSQL (0.000649)[0m   [0;1mselect sqlite_version(*)[0m
  [4;35;1mSQL (0.000000)[0m   [0mSQLite3::SQLException: table schema_info already exists: CREATE TABLE schema_info (version integer)[0m
  [4;36;1mSQL (0.000000)[0m   [0;1mSQLite3::SQLException: table schema_info already exists: CREATE TABLE schema_info (version integer)[0m
  [4;35;1mSQL (0.000313)[0m   [0mSELECT version FROM schema_info[0m
Migrating to CreateContexts (1)
  [4;36;1mSQL (0.002781)[0m   [0;1mCREATE TABLE contexts ("id" INTEGER PRIMARY KEY AUTOINCREMENT NOT NULL, "name" varchar(255) DEFAULT NULL, "created_at" datetime DEFAULT NULL, "updated_at" datetime DEFAULT NULL) [0m
  [4;35;1mSQL (0.002219)[0m   [0mUPDATE schema_info SET version = 1[0m
  [4;36;1mSQL (0.000391)[0m   [0;1mSELECT version FROM schema_info[0m
Migrating to CreateTasks (2)
  [4;35;1mSQL (0.003196)[0m   [0mCREATE TABLE tasks ("id" INTEGER PRIMARY KEY AUTOINCREMENT NOT NULL, "title" varchar(255) DEFAULT NULL, "description" text DEFAULT NULL, "created_at" datetime DEFAULT NULL, "updated_at" datetime DEFAULT NULL) [0m
  [4;36;1mSQL (0.002085)[0m   [0;1mUPDATE schema_info SET version = 2[0m
  [4;35;1mSQL (0.000347)[0m   [0mSELECT * FROM schema_info[0m
  [4;36;1mSQL (0.000377)[0m   [0;1m SELECT name
 FROM sqlite_master
 WHERE type = 'table' AND NOT name = 'sqlite_sequence'
[0m
  [4;35;1mSQL (0.000122)[0m   [0mPRAGMA index_list(contexts)[0m
  [4;36;1mSQL (0.000120)[0m   [0;1mPRAGMA index_list(tasks)[0m
  [4;36;1mSQL (0.000509)[0m   [0;1mselect sqlite_version(*)[0m
  [4;35;1mSQL (0.000000)[0m   [0mSQLite3::SQLException: table schema_info already exists: CREATE TABLE schema_info (version integer)[0m
  [4;36;1mSQL (0.000238)[0m   [0;1mSELECT version FROM schema_info[0m
  [4;35;1mSQL (0.000181)[0m   [0mSELECT version FROM schema_info[0m
  [4;36;1mSQL (0.000266)[0m   [0;1mSELECT * FROM schema_info[0m
  [4;35;1mSQL (0.000319)[0m   [0m SELECT name
 FROM sqlite_master
 WHERE type = 'table' AND NOT name = 'sqlite_sequence'
[0m
  [4;36;1mSQL (0.000074)[0m   [0;1mPRAGMA index_list(contexts)[0m
  [4;35;1mSQL (0.000062)[0m   [0mPRAGMA index_list(tasks)[0m
  [4;36;1mSQL (0.000177)[0m   [0;1mselect sqlite_version(*)[0m
  [4;35;1mSQL (0.000000)[0m   [0mSQLite3::SQLException: no such table: contexts: DROP TABLE contexts[0m
  [4;36;1mSQL (0.002428)[0m   [0;1mCREATE TABLE contexts ("id" INTEGER PRIMARY KEY AUTOINCREMENT NOT NULL, "name" varchar(255) DEFAULT NULL, "created_at" datetime DEFAULT NULL, "updated_at" datetime DEFAULT NULL) [0m
  [4;35;1mSQL (0.000000)[0m   [0mSQLite3::SQLException: no such table: tasks: DROP TABLE tasks[0m
  [4;36;1mSQL (0.002350)[0m   [0;1mCREATE TABLE tasks ("id" INTEGER PRIMARY KEY AUTOINCREMENT NOT NULL, "title" varchar(255) DEFAULT NULL, "description" text DEFAULT NULL, "created_at" datetime DEFAULT NULL, "updated_at" datetime DEFAULT NULL) [0m
  [4;35;1mSQL (0.002783)[0m   [0mCREATE TABLE schema_info (version integer)[0m
  [4;36;1mSQL (0.002470)[0m   [0;1mINSERT INTO schema_info (version) VALUES(0)[0m
  [4;35;1mSQL (0.002244)[0m   [0mUPDATE schema_info SET version = 2[0m
  [4;36;1mSQL (0.000516)[0m   [0;1mselect sqlite_version(*)[0m
  [4;35;1mSQL (0.003417)[0m   [0mCREATE TABLE schema_info (version integer)[0m
  [4;36;1mSQL (0.002744)[0m   [0;1mINSERT INTO schema_info (version) VALUES(0)[0m
  [4;35;1mSQL (0.000000)[0m   [0mSQLite3::SQLException: table schema_info already exists: CREATE TABLE schema_info (version integer)[0m
  [4;36;1mSQL (0.000325)[0m   [0;1mSELECT version FROM schema_info[0m
Migrating to CreateContexts (1)
  [4;35;1mSQL (0.002441)[0m   [0mCREATE TABLE contexts ("id" INTEGER PRIMARY KEY AUTOINCREMENT NOT NULL, "name" varchar(255) DEFAULT NULL, "created_at" datetime DEFAULT NULL, "updated_at" datetime DEFAULT NULL) [0m
  [4;36;1mSQL (0.001897)[0m   [0;1mUPDATE schema_info SET version = 1[0m
  [4;35;1mSQL (0.000541)[0m   [0mSELECT version FROM schema_info[0m
Migrating to CreateTasks (2)
  [4;36;1mSQL (0.002511)[0m   [0;1mCREATE TABLE tasks ("id" INTEGER PRIMARY KEY AUTOINCREMENT NOT NULL, "title" varchar(255) DEFAULT NULL, "description" text DEFAULT NULL, "context_id" integer DEFAULT NULL, "created_at" datetime DEFAULT NULL, "updated_at" datetime DEFAULT NULL) [0m
  [4;35;1mSQL (0.002097)[0m   [0mUPDATE schema_info SET version = 2[0m
  [4;36;1mSQL (0.000398)[0m   [0;1mSELECT * FROM schema_info[0m
  [4;35;1mSQL (0.000384)[0m   [0m SELECT name
 FROM sqlite_master
 WHERE type = 'table' AND NOT name = 'sqlite_sequence'
[0m
  [4;36;1mSQL (0.000091)[0m   [0;1mPRAGMA index_list(contexts)[0m
  [4;35;1mSQL (0.000078)[0m   [0mPRAGMA index_list(tasks)[0m
  [4;36;1mSQL (0.000701)[0m   [0;1mSELECT version FROM schema_info[0m
  [4;36;1mSQL (0.000742)[0m   [0;1mSELECT version FROM schema_info[0m
  [4;36;1mSQL (0.000691)[0m   [0;1mSELECT version FROM schema_info[0m
